                      :-) GROMACS - gmx mdrun, 2023.2 (-:

Copyright 1991-2023 The GROMACS Authors.
GROMACS is free software; you can redistribute it and/or modify it
under the terms of the GNU Lesser General Public License
as published by the Free Software Foundation; either version 2.1
of the License, or (at your option) any later version.

                         Current GROMACS contributors:
       Mark Abraham           Andrey Alekseenko           Cathrine Bergh      
      Christian Blau            Eliane Briand             Mahesh Doijade      
    Stefan Fleischmann           Vytas Gapsys              Gaurav Garg        
      Sergey Gorelov         Gilles Gouaillardet            Alan Gray         
     M. Eric Irrgang         Farzaneh Jalalypour            Joe Jordan        
    Christoph Junghans        Prashanth Kanduri          Sebastian Keller     
     Carsten Kutzner           Justin A. Lemkul          Magnus Lundborg      
       Pascal Merz              Vedran Miletic            Dmitry Morozov      
       Szilard Pall             Roland Schulz             Michael Shirts      
     Alexey Shvetsov            Balint Soproni         David van der Spoel    
      Philip Turner             Carsten Uphoff           Alessandra Villa     
 Sebastian Wingbermuehle        Artem Zhmurov       

                         Previous GROMACS contributors:
        Emile Apol             Rossen Apostolov           James Barnett       
  Herman J.C. Berendsen          Par Bjelkmar           Viacheslav Bolnykh    
        Kevin Boyd            Aldert van Buuren          Carlo Camilloni      
     Rudi van Drunen            Anton Feenstra           Oliver Fleetwood     
     Gerrit Groenhof            Bert de Groot             Anca Hamuraru       
    Vincent Hindriksen          Victor Holanda           Aleksei Iupinov      
   Dimitrios Karkoulis           Peter Kasson             Sebastian Kehl      
        Jiri Kraus               Per Larsson              Viveca Lindahl      
      Erik Marklund           Pieter Meulenhoff           Teemu Murtola       
       Sander Pronk             Alfons Sijbers            Peter Tieleman      
       Jon Vincent             Teemu Virolainen         Christian Wennberg    
       Maarten Wolf       

                  Coordinated by the GROMACS project leaders:
                    Paul Bauer, Berk Hess, and Erik Lindahl

GROMACS:      gmx mdrun, version 2023.2
Executable:   /usr/local/gromacs/bin/gmx
Data prefix:  /usr/local/gromacs
Working dir:  /root/1
Process ID:   2287
Command line:
  gmx mdrun -v -deffnm npt

GROMACS version:    2023.2
Precision:          mixed
Memory model:       64 bit
MPI library:        thread_mpi
OpenMP support:     enabled (GMX_OPENMP_MAX_THREADS = 128)
GPU support:        CUDA
NB cluster size:    8
SIMD instructions:  AVX_256
CPU FFT library:    fftw-3.3.8-sse2-avx-avx2-avx2_128
GPU FFT library:    cuFFT
Multi-GPU FFT:      none
RDTSCP usage:       enabled
TNG support:        enabled
Hwloc support:      disabled
Tracing support:    disabled
C compiler:         /usr/bin/cc GNU 11.3.0
C compiler flags:   -fexcess-precision=fast -funroll-all-loops -mavx -Wno-missing-field-initializers -O3 -DNDEBUG
C++ compiler:       /usr/bin/c++ GNU 11.3.0
C++ compiler flags: -fexcess-precision=fast -funroll-all-loops -mavx -Wno-missing-field-initializers -Wno-cast-function-type-strict SHELL:-fopenmp -O3 -DNDEBUG
BLAS library:       
LAPACK library:     
CUDA compiler:      /usr/local/cuda/bin/nvcc nvcc: NVIDIA (R) Cuda compiler driver;Copyright (c) 2005-2022 NVIDIA Corporation;Built on Wed_Sep_21_10:33:58_PDT_2022;Cuda compilation tools, release 11.8, V11.8.89;Build cuda_11.8.r11.8/compiler.31833905_0
CUDA compiler flags:-std=c++17;--generate-code=arch=compute_35,code=sm_35;--generate-code=arch=compute_37,code=sm_37;--generate-code=arch=compute_50,code=sm_50;--generate-code=arch=compute_52,code=sm_52;--generate-code=arch=compute_60,code=sm_60;--generate-code=arch=compute_61,code=sm_61;--generate-code=arch=compute_70,code=sm_70;--generate-code=arch=compute_75,code=sm_75;--generate-code=arch=compute_80,code=sm_80;--generate-code=arch=compute_86,code=sm_86;--generate-code=arch=compute_89,code=sm_89;--generate-code=arch=compute_90,code=sm_90;-Wno-deprecated-gpu-targets;--generate-code=arch=compute_53,code=sm_53;--generate-code=arch=compute_80,code=sm_80;-use_fast_math;-Xptxas;-warn-double-usage;-Xptxas;-Werror;-D_FORCE_INLINES;-fexcess-precision=fast -funroll-all-loops -mavx -Wno-missing-field-initializers -Wno-cast-function-type-strict SHELL:-fopenmp -O3 -DNDEBUG
CUDA driver:        13.0
CUDA runtime:       11.80


Running on 1 node with total 96 cores, 192 processing units, 1 compatible GPU
Hardware detected on host autodl-container-c0b042a675-06b03367:
  CPU info:
    Vendor: Intel
    Brand:  Intel(R) Xeon(R) Platinum 8474C
    Family: 6   Model: 143   Stepping: 8
    Features: aes apic avx avx2 avx512f avx512cd avx512bw avx512vl avx512bf16 avx512secondFMA clfsh cmov cx8 cx16 f16c fma htt intel lahf mmx msr nonstop_tsc pcid pclmuldq pdcm pdpe1gb popcnt pse rdrnd rdtscp sha sse2 sse3 sse4.1 sse4.2 ssse3 tdt x2apic
    Number of AVX-512 FMA units: 2
  Hardware topology: Basic
    Packages, cores, and logical processors:
    [indices refer to OS logical processors]
      Package  0: [   0  96] [   1  97] [   2  98] [   3  99] [   4 100] [   5 101] [   6 102] [   7 103] [   8 104] [   9 105] [  10 106] [  11 107] [  12 108] [  13 109] [  14 110] [  15 111] [  16 112] [  17 113] [  18 114] [  19 115] [  20 116] [  21 117] [  22 118] [  23 119] [  24 120] [  25 121] [  26 122] [  27 123] [  28 124] [  29 125] [  30 126] [  31 127] [  32 128] [  33 129] [  34 130] [  35 131] [  36 132] [  37 133] [  38 134] [  39 135] [  40 136] [  41 137] [  42 138] [  43 139] [  44 140] [  45 141] [  46 142] [  47 143]
      Package  1: [  48 144] [  49 145] [  50 146] [  51 147] [  52 148] [  53 149] [  54 150] [  55 151] [  56 152] [  57 153] [  58 154] [  59 155] [  60 156] [  61 157] [  62 158] [  63 159] [  64 160] [  65 161] [  66 162] [  67 163] [  68 164] [  69 165] [  70 166] [  71 167] [  72 168] [  73 169] [  74 170] [  75 171] [  76 172] [  77 173] [  78 174] [  79 175] [  80 176] [  81 177] [  82 178] [  83 179] [  84 180] [  85 181] [  86 182] [  87 183] [  88 184] [  89 185] [  90 186] [  91 187] [  92 188] [  93 189] [  94 190] [  95 191]
    CPU limit set by OS: 15   Recommended max number of threads: 15
  GPU info:
    Number of GPUs detected: 1
    #0: NVIDIA NVIDIA GeForce RTX 4090 D, compute cap.: 8.9, ECC:  no, stat: compatible

Likely fastest SIMD instructions supported by all nodes: AVX_512
SIMD instructions selected at compile time:              AVX_256


++++ PLEASE READ AND CITE THE FOLLOWING REFERENCE ++++
M. J. Abraham, T. Murtola, R. Schulz, S. Páll, J. C. Smith, B. Hess, E.
Lindahl
GROMACS: High performance molecular simulations through multi-level
parallelism from laptops to supercomputers
SoftwareX 1 (2015) pp. 19-25
-------- -------- --- Thank You --- -------- --------


++++ PLEASE READ AND CITE THE FOLLOWING REFERENCE ++++
S. Páll, M. J. Abraham, C. Kutzner, B. Hess, E. Lindahl
Tackling Exascale Software Challenges in Molecular Dynamics Simulations with
GROMACS
In S. Markidis & E. Laure (Eds.), Solving Software Challenges for Exascale 8759 (2015) pp. 3-27
-------- -------- --- Thank You --- -------- --------


++++ PLEASE READ AND CITE THE FOLLOWING REFERENCE ++++
S. Pronk, S. Páll, R. Schulz, P. Larsson, P. Bjelkmar, R. Apostolov, M. R.
Shirts, J. C. Smith, P. M. Kasson, D. van der Spoel, B. Hess, and E. Lindahl
GROMACS 4.5: a high-throughput and highly parallel open source molecular
simulation toolkit
Bioinformatics 29 (2013) pp. 845-54
-------- -------- --- Thank You --- -------- --------


++++ PLEASE READ AND CITE THE FOLLOWING REFERENCE ++++
B. Hess and C. Kutzner and D. van der Spoel and E. Lindahl
GROMACS 4: Algorithms for highly efficient, load-balanced, and scalable
molecular simulation
J. Chem. Theory Comput. 4 (2008) pp. 435-447
-------- -------- --- Thank You --- -------- --------


++++ PLEASE READ AND CITE THE FOLLOWING REFERENCE ++++
D. van der Spoel, E. Lindahl, B. Hess, G. Groenhof, A. E. Mark and H. J. C.
Berendsen
GROMACS: Fast, Flexible and Free
J. Comp. Chem. 26 (2005) pp. 1701-1719
-------- -------- --- Thank You --- -------- --------


++++ PLEASE READ AND CITE THE FOLLOWING REFERENCE ++++
E. Lindahl and B. Hess and D. van der Spoel
GROMACS 3.0: A package for molecular simulation and trajectory analysis
J. Mol. Mod. 7 (2001) pp. 306-317
-------- -------- --- Thank You --- -------- --------


++++ PLEASE READ AND CITE THE FOLLOWING REFERENCE ++++
H. J. C. Berendsen, D. van der Spoel and R. van Drunen
GROMACS: A message-passing parallel molecular dynamics implementation
Comp. Phys. Comm. 91 (1995) pp. 43-56
-------- -------- --- Thank You --- -------- --------


++++ PLEASE CITE THE DOI FOR THIS VERSION OF GROMACS ++++
https://doi.org/10.5281/zenodo.8134397
-------- -------- --- Thank You --- -------- --------


The number of OpenMP threads was set by environment variable OMP_NUM_THREADS to 15

Input Parameters:
   integrator                     = md
   tinit                          = 0
   dt                             = 0.002
   nsteps                         = 50000
   init-step                      = 0
   simulation-part                = 1
   mts                            = false
   comm-mode                      = Linear
   nstcomm                        = 100
   bd-fric                        = 0
   ld-seed                        = -234897417
   emtol                          = 10
   emstep                         = 0.01
   niter                          = 20
   fcstep                         = 0
   nstcgsteep                     = 1000
   nbfgscorr                      = 10
   rtpi                           = 0.05
   nstxout                        = 0
   nstvout                        = 0
   nstfout                        = 0
   nstlog                         = 500
   nstcalcenergy                  = 100
   nstenergy                      = 500
   nstxout-compressed             = 500
   compressed-x-precision         = 1000
   cutoff-scheme                  = Verlet
   nstlist                        = 20
   pbc                            = xyz
   periodic-molecules             = false
   verlet-buffer-tolerance        = 0.005
   rlist                          = 1.222
   coulombtype                    = PME
   coulomb-modifier               = Potential-shift
   rcoulomb-switch                = 0
   rcoulomb                       = 1.2
   epsilon-r                      = 1
   epsilon-rf                     = inf
   vdw-type                       = Cut-off
   vdw-modifier                   = Force-switch
   rvdw-switch                    = 1
   rvdw                           = 1.2
   DispCorr                       = No
   table-extension                = 1
   fourierspacing                 = 0.16
   fourier-nx                     = 72
   fourier-ny                     = 72
   fourier-nz                     = 72
   pme-order                      = 4
   ewald-rtol                     = 1e-05
   ewald-rtol-lj                  = 0.001
   lj-pme-comb-rule               = Geometric
   ewald-geometry                 = 3d
   epsilon-surface                = 0
   ensemble-temperature-setting   = constant
   ensemble-temperature           = 300
   tcoupl                         = V-rescale
   nsttcouple                     = 10
   nh-chain-length                = 0
   print-nose-hoover-chain-variables = false
   pcoupl                         = Berendsen
   pcoupltype                     = Isotropic
   nstpcouple                     = 100
   tau-p                          = 2
   compressibility (3x3):
      compressibility[    0]={ 4.50000e-05,  0.00000e+00,  0.00000e+00}
      compressibility[    1]={ 0.00000e+00,  4.50000e-05,  0.00000e+00}
      compressibility[    2]={ 0.00000e+00,  0.00000e+00,  4.50000e-05}
   ref-p (3x3):
      ref-p[    0]={ 1.00000e+00,  0.00000e+00,  0.00000e+00}
      ref-p[    1]={ 0.00000e+00,  1.00000e+00,  0.00000e+00}
      ref-p[    2]={ 0.00000e+00,  0.00000e+00,  1.00000e+00}
   refcoord-scaling               = COM
   posres-com (3):
      posres-com[0]= 4.99477e-01
      posres-com[1]= 5.00186e-01
      posres-com[2]= 5.00262e-01
   posres-comB (3):
      posres-comB[0]= 4.99477e-01
      posres-comB[1]= 5.00186e-01
      posres-comB[2]= 5.00262e-01
   QMMM                           = false
qm-opts:
   ngQM                           = 0
   constraint-algorithm           = Lincs
   continuation                   = true
   Shake-SOR                      = false
   shake-tol                      = 0.0001
   lincs-order                    = 4
   lincs-iter                     = 1
   lincs-warnangle                = 30
   nwall                          = 0
   wall-type                      = 9-3
   wall-r-linpot                  = -1
   wall-atomtype[0]               = -1
   wall-atomtype[1]               = -1
   wall-density[0]                = 0
   wall-density[1]                = 0
   wall-ewald-zfac                = 3
   pull                           = false
   awh                            = false
   rotation                       = false
   interactiveMD                  = false
   disre                          = No
   disre-weighting                = Conservative
   disre-mixed                    = false
   dr-fc                          = 1000
   dr-tau                         = 0
   nstdisreout                    = 100
   orire-fc                       = 0
   orire-tau                      = 0
   nstorireout                    = 100
   free-energy                    = no
   cos-acceleration               = 0
   deform (3x3):
      deform[    0]={ 0.00000e+00,  0.00000e+00,  0.00000e+00}
      deform[    1]={ 0.00000e+00,  0.00000e+00,  0.00000e+00}
      deform[    2]={ 0.00000e+00,  0.00000e+00,  0.00000e+00}
   simulated-tempering            = false
   swapcoords                     = no
   userint1                       = 0
   userint2                       = 0
   userint3                       = 0
   userint4                       = 0
   userreal1                      = 0
   userreal2                      = 0
   userreal3                      = 0
   userreal4                      = 0
   applied-forces:
     electric-field:
       x:
         E0                       = 0
         omega                    = 0
         t0                       = 0
         sigma                    = 0
       y:
         E0                       = 0
         omega                    = 0
         t0                       = 0
         sigma                    = 0
       z:
         E0                       = 0
         omega                    = 0
         t0                       = 0
         sigma                    = 0
     density-guided-simulation:
       active                     = false
       group                      = protein
       similarity-measure         = inner-product
       atom-spreading-weight      = unity
       force-constant             = 1e+09
       gaussian-transform-spreading-width = 0.2
       gaussian-transform-spreading-range-in-multiples-of-width = 4
       reference-density-filename = reference.mrc
       nst                        = 1
       normalize-densities        = true
       adaptive-force-scaling     = false
       adaptive-force-scaling-time-constant = 4
       shift-vector               = 
       transformation-matrix      = 
     qmmm-cp2k:
       active                     = false
       qmgroup                    = System
       qmmethod                   = PBE
       qmfilenames                = 
       qmcharge                   = 0
       qmmultiplicity             = 1
grpopts:
   nrdf:     18098.8      236459
   ref-t:         300         300
   tau-t:         0.1         0.1
annealing:          No          No
annealing-npoints:           0           0
   acc:	           0           0           0
   nfreeze:           N           N           N
   energygrp-flags[  0]: 0

Changing nstlist from 20 to 100, rlist from 1.222 to 1.342

Update groups can not be used for this system because atoms that are (in)directly constrained together are interdispersed with other atoms

1 GPU selected for this run.
Mapping of GPU IDs to the 2 GPU tasks in the 1 rank on this node:
  PP:0,PME:0
PP tasks will do (non-perturbed) short-ranged interactions on the GPU
PP task will update and constrain coordinates on the GPU
PME tasks will do all aspects on the GPU
Using 1 MPI thread
Using 15 OpenMP threads 

System total charge: 0.000
Will do PME sum in reciprocal space for electrostatic interactions.

++++ PLEASE READ AND CITE THE FOLLOWING REFERENCE ++++
U. Essmann, L. Perera, M. L. Berkowitz, T. Darden, H. Lee and L. G. Pedersen 
A smooth particle mesh Ewald method
J. Chem. Phys. 103 (1995) pp. 8577-8592
-------- -------- --- Thank You --- -------- --------

Using a Gaussian width (1/beta) of 0.384195 nm for Ewald
Potential shift: LJ r^-12: -2.648e-01 r^-6: -5.349e-01, Ewald -8.333e-06
Initialized non-bonded Coulomb Ewald tables, spacing: 1.02e-03 size: 1176

Generated table with 1171 data points for 1-4 COUL.
Tabscale = 500 points/nm
Generated table with 1171 data points for 1-4 LJ6.
Tabscale = 500 points/nm
Generated table with 1171 data points for 1-4 LJ12.
Tabscale = 500 points/nm


Using GPU 8x8 nonbonded short-range kernels

Using a dual 8x8 pair-list setup updated with dynamic, rolling pruning:
  outer list: updated every 100 steps, buffer 0.142 nm, rlist 1.342 nm
  inner list: updated every  12 steps, buffer 0.003 nm, rlist 1.203 nm
At tolerance 0.005 kJ/mol/ps per atom, equivalent classical 1x1 list would be:
  outer list: updated every 100 steps, buffer 0.294 nm, rlist 1.494 nm
  inner list: updated every  12 steps, buffer 0.053 nm, rlist 1.253 nm

NOTE: OS CPU limit is lower than logical cpu count, thread pinning disabled.

Initializing LINear Constraint Solver

++++ PLEASE READ AND CITE THE FOLLOWING REFERENCE ++++
B. Hess and H. Bekker and H. J. C. Berendsen and J. G. E. M. Fraaije
LINCS: A Linear Constraint Solver for molecular simulations
J. Comp. Chem. 18 (1997) pp. 1463-1472
-------- -------- --- Thank You --- -------- --------

The number of constraints is 3646

++++ PLEASE READ AND CITE THE FOLLOWING REFERENCE ++++
S. Miyamoto and P. A. Kollman
SETTLE: An Analytical Version of the SHAKE and RATTLE Algorithms for Rigid
Water Models
J. Comp. Chem. 13 (1992) pp. 952-962
-------- -------- --- Thank You --- -------- --------


++++ PLEASE READ AND CITE THE FOLLOWING REFERENCE ++++
G. Bussi, D. Donadio and M. Parrinello
Canonical sampling through velocity rescaling
J. Chem. Phys. 126 (2007) pp. 014101
-------- -------- --- Thank You --- -------- --------

There are: 125353 Atoms

Updating coordinates and applying constraints on the GPU.
Center of mass motion removal mode is Linear
We have the following groups for center of mass motion removal:
  0:  rest

Started mdrun on rank 0 Sun Apr 12 14:29:37 2026

           Step           Time
              0        0.00000

   Energies (kJ/mol)
           Bond          Angle            U-B    Proper Dih.  Improper Dih.
    7.96036e+03    1.79558e+03    8.91132e+03    1.79823e+04    2.98638e+02
 Per. Imp. Dih.      CMAP Dih.          LJ-14     Coulomb-14        LJ (SR)
    2.29086e+00   -6.78334e+02    4.89050e+03    9.25749e+04    2.04984e+05
   Coulomb (SR)   Coul. recip. Position Rest.      Potential    Kinetic En.
   -2.38387e+06    7.45504e+03    8.66756e-07   -2.03769e+06    1.31651e+03
   Total Energy  Conserved En.    Temperature Pressure (bar)   Constr. rmsd
   -2.03637e+06   -2.02442e+06    1.24404e+00   -5.87267e+03    0.00000e+00

           Step           Time
            500        1.00000

   Energies (kJ/mol)
           Bond          Angle            U-B    Proper Dih.  Improper Dih.
    9.02246e+03    1.99891e+03    1.61655e+04    2.01273e+04    9.75744e+02
 Per. Imp. Dih.      CMAP Dih.          LJ-14     Coulomb-14        LJ (SR)
    2.22003e+01   -6.04234e+02    5.41057e+03    9.24739e+04    1.84361e+05
   Coulomb (SR)   Coul. recip. Position Rest.      Potential    Kinetic En.
   -2.07064e+06    6.20108e+03    6.38568e+03   -1.72810e+06    3.09374e+05
   Total Energy  Conserved En.    Temperature Pressure (bar)   Constr. rmsd
   -1.41872e+06   -2.08598e+06    2.92343e+02    2.77229e+02    0.00000e+00

           Step           Time
           1000        2.00000

   Energies (kJ/mol)
           Bond          Angle            U-B    Proper Dih.  Improper Dih.
    9.19894e+03    1.96290e+03    1.74016e+04    1.97948e+04    1.01534e+03
 Per. Imp. Dih.      CMAP Dih.          LJ-14     Coulomb-14        LJ (SR)
    1.36784e+01   -4.50964e+02    5.55915e+03    9.22132e+04    1.72875e+05
   Coulomb (SR)   Coul. recip. Position Rest.      Potential    Kinetic En.
   -2.04726e+06    6.50525e+03    4.46511e+03   -1.71670e+06    3.15786e+05
   Total Energy  Conserved En.    Temperature Pressure (bar)   Constr. rmsd
   -1.40092e+06   -2.08555e+06    2.98402e+02   -8.59686e+01    0.00000e+00

           Step           Time
           1500        3.00000

   Energies (kJ/mol)
           Bond          Angle            U-B    Proper Dih.  Improper Dih.
    8.93822e+03    2.02152e+03    1.76699e+04    1.97949e+04    1.05977e+03
 Per. Imp. Dih.      CMAP Dih.          LJ-14     Coulomb-14        LJ (SR)
    7.87128e+00   -5.37223e+02    5.48807e+03    9.25541e+04    1.69945e+05
   Coulomb (SR)   Coul. recip. Position Rest.      Potential    Kinetic En.
   -2.04516e+06    6.35078e+03    4.36533e+03   -1.71750e+06    3.17004e+05
   Total Energy  Conserved En.    Temperature Pressure (bar)   Constr. rmsd
   -1.40050e+06   -2.08553e+06    2.99553e+02   -9.52684e+01    0.00000e+00

           Step           Time
           2000        4.00000

   Energies (kJ/mol)
           Bond          Angle            U-B    Proper Dih.  Improper Dih.
    8.79107e+03    1.95218e+03    1.80606e+04    1.97142e+04    1.02620e+03
 Per. Imp. Dih.      CMAP Dih.          LJ-14     Coulomb-14        LJ (SR)
    1.79531e+01   -4.50715e+02    5.51222e+03    9.27870e+04    1.71904e+05
   Coulomb (SR)   Coul. recip. Position Rest.      Potential    Kinetic En.
   -2.04399e+06    6.27570e+03    4.42932e+03   -1.71397e+06    3.17465e+05
   Total Energy  Conserved En.    Temperature Pressure (bar)   Constr. rmsd
   -1.39650e+06   -2.08561e+06    2.99989e+02    3.67083e+01    0.00000e+00

           Step           Time
           2500        5.00000

   Energies (kJ/mol)
           Bond          Angle            U-B    Proper Dih.  Improper Dih.
    8.56490e+03    1.93764e+03    1.82691e+04    1.96727e+04    1.07319e+03
 Per. Imp. Dih.      CMAP Dih.          LJ-14     Coulomb-14        LJ (SR)
    9.70363e+00   -6.27521e+02    5.63700e+03    9.25169e+04    1.67197e+05
   Coulomb (SR)   Coul. recip. Position Rest.      Potential    Kinetic En.
   -2.04039e+06    6.27994e+03    4.35931e+03   -1.71550e+06    3.17295e+05
   Total Energy  Conserved En.    Temperature Pressure (bar)   Constr. rmsd
   -1.39820e+06   -2.08534e+06    2.99828e+02   -1.92789e+02    0.00000e+00

           Step           Time
           3000        6.00000

   Energies (kJ/mol)
           Bond          Angle            U-B    Proper Dih.  Improper Dih.
    8.75868e+03    1.92669e+03    1.83774e+04    1.98606e+04    1.04105e+03
 Per. Imp. Dih.      CMAP Dih.          LJ-14     Coulomb-14        LJ (SR)
    1.08141e+01   -5.79560e+02    5.53115e+03    9.26046e+04    1.69085e+05
   Coulomb (SR)   Coul. recip. Position Rest.      Potential    Kinetic En.
   -2.04220e+06    6.07401e+03    4.09375e+03   -1.71542e+06    3.17895e+05
   Total Energy  Conserved En.    Temperature Pressure (bar)   Constr. rmsd
   -1.39752e+06   -2.08546e+06    3.00395e+02   -4.45321e+01    0.00000e+00

           Step           Time
           3500        7.00000

   Energies (kJ/mol)
           Bond          Angle            U-B    Proper Dih.  Improper Dih.
    9.02253e+03    1.88857e+03    1.81805e+04    1.97603e+04    1.13576e+03
 Per. Imp. Dih.      CMAP Dih.          LJ-14     Coulomb-14        LJ (SR)
    2.95779e+00   -5.17161e+02    5.42255e+03    9.25981e+04    1.70474e+05
   Coulomb (SR)   Coul. recip. Position Rest.      Potential    Kinetic En.
   -2.04529e+06    6.19431e+03    3.96447e+03   -1.71716e+06    3.19484e+05
   Total Energy  Conserved En.    Temperature Pressure (bar)   Constr. rmsd
   -1.39768e+06   -2.08551e+06    3.01897e+02    2.14154e+01    0.00000e+00

           Step           Time
           4000        8.00000

   Energies (kJ/mol)
           Bond          Angle            U-B    Proper Dih.  Improper Dih.
    8.75246e+03    1.91604e+03    1.84099e+04    1.96843e+04    1.06396e+03
 Per. Imp. Dih.      CMAP Dih.          LJ-14     Coulomb-14        LJ (SR)
    5.31158e+00   -5.66340e+02    5.50306e+03    9.24381e+04    1.68477e+05
   Coulomb (SR)   Coul. recip. Position Rest.      Potential    Kinetic En.
   -2.04533e+06    6.17169e+03    4.04966e+03   -1.71943e+06    3.16899e+05
   Total Energy  Conserved En.    Temperature Pressure (bar)   Constr. rmsd
   -1.40253e+06   -2.08523e+06    2.99454e+02   -2.27591e+02    0.00000e+00

           Step           Time
           4500        9.00000

   Energies (kJ/mol)
           Bond          Angle            U-B    Proper Dih.  Improper Dih.
    8.85456e+03    1.89554e+03    1.85029e+04    1.95043e+04    1.04190e+03
 Per. Imp. Dih.      CMAP Dih.          LJ-14     Coulomb-14        LJ (SR)
    2.62794e+00   -4.39342e+02    5.48921e+03    9.27714e+04    1.70284e+05
   Coulomb (SR)   Coul. recip. Position Rest.      Potential    Kinetic En.
   -2.04477e+06    6.05702e+03    4.11333e+03   -1.71670e+06    3.17124e+05
   Total Energy  Conserved En.    Temperature Pressure (bar)   Constr. rmsd
   -1.39957e+06   -2.08549e+06    2.99667e+02    6.24191e+01    0.00000e+00

           Step           Time
           5000       10.00000

   Energies (kJ/mol)
           Bond          Angle            U-B    Proper Dih.  Improper Dih.
    8.90884e+03    1.83951e+03    1.83691e+04    1.94765e+04    9.99177e+02
 Per. Imp. Dih.      CMAP Dih.          LJ-14     Coulomb-14        LJ (SR)
    9.51730e+00   -4.81626e+02    5.40138e+03    9.28542e+04    1.70543e+05
   Coulomb (SR)   Coul. recip. Position Rest.      Potential    Kinetic En.
   -2.04621e+06    6.15791e+03    4.09432e+03   -1.71803e+06    3.19102e+05
   Total Energy  Conserved En.    Temperature Pressure (bar)   Constr. rmsd
   -1.39893e+06   -2.08542e+06    3.01535e+02   -1.86556e+01    0.00000e+00

           Step           Time
           5500       11.00000

   Energies (kJ/mol)
           Bond          Angle            U-B    Proper Dih.  Improper Dih.
    9.03095e+03    1.88418e+03    1.87666e+04    1.96940e+04    9.64723e+02
 Per. Imp. Dih.      CMAP Dih.          LJ-14     Coulomb-14        LJ (SR)
    1.80951e+01   -5.24857e+02    5.48754e+03    9.24266e+04    1.68934e+05
   Coulomb (SR)   Coul. recip. Position Rest.      Potential    Kinetic En.
   -2.04264e+06    6.11997e+03    4.09025e+03   -1.71575e+06    3.16568e+05
   Total Energy  Conserved En.    Temperature Pressure (bar)   Constr. rmsd
   -1.39918e+06   -2.08536e+06    2.99141e+02   -4.98027e+01    0.00000e+00

           Step           Time
           6000       12.00000

   Energies (kJ/mol)
           Bond          Angle            U-B    Proper Dih.  Improper Dih.
    8.71029e+03    1.86857e+03    1.83935e+04    1.95385e+04    1.03079e+03
 Per. Imp. Dih.      CMAP Dih.          LJ-14     Coulomb-14        LJ (SR)
    7.63014e+00   -4.81934e+02    5.54938e+03    9.24139e+04    1.68744e+05
   Coulomb (SR)   Coul. recip. Position Rest.      Potential    Kinetic En.
   -2.04478e+06    6.19011e+03    4.13593e+03   -1.71868e+06    3.18748e+05
   Total Energy  Conserved En.    Temperature Pressure (bar)   Constr. rmsd
   -1.39993e+06   -2.08539e+06    3.01201e+02   -2.81956e+01    0.00000e+00

           Step           Time
           6500       13.00000

   Energies (kJ/mol)
           Bond          Angle            U-B    Proper Dih.  Improper Dih.
    8.75734e+03    1.92110e+03    1.87106e+04    1.94609e+04    1.05162e+03
 Per. Imp. Dih.      CMAP Dih.          LJ-14     Coulomb-14        LJ (SR)
    7.49395e+00   -5.87184e+02    5.51542e+03    9.24441e+04    1.68550e+05
   Coulomb (SR)   Coul. recip. Position Rest.      Potential    Kinetic En.
   -2.04312e+06    6.20141e+03    4.09107e+03   -1.71700e+06    3.16341e+05
   Total Energy  Conserved En.    Temperature Pressure (bar)   Constr. rmsd
   -1.40066e+06   -2.08535e+06    2.98926e+02   -2.14598e+01    0.00000e+00

           Step           Time
           7000       14.00000

   Energies (kJ/mol)
           Bond          Angle            U-B    Proper Dih.  Improper Dih.
    9.03832e+03    1.89323e+03    1.88429e+04    1.95214e+04    1.02302e+03
 Per. Imp. Dih.      CMAP Dih.          LJ-14     Coulomb-14        LJ (SR)
    7.50577e+00   -6.40096e+02    5.55062e+03    9.22752e+04    1.69366e+05
   Coulomb (SR)   Coul. recip. Position Rest.      Potential    Kinetic En.
   -2.04742e+06    6.05145e+03    3.96647e+03   -1.72052e+06    3.18218e+05
   Total Energy  Conserved En.    Temperature Pressure (bar)   Constr. rmsd
   -1.40230e+06   -2.08539e+06    3.00701e+02    2.84813e+01    0.00000e+00

step 7200: timed with pme grid 72 72 72, coulomb cutoff 1.200: 138.0 M-cycles
step 7400: timed with pme grid 60 60 60, coulomb cutoff 1.356: 146.1 M-cycles
           Step           Time
           7500       15.00000

   Energies (kJ/mol)
           Bond          Angle            U-B    Proper Dih.  Improper Dih.
    9.04520e+03    1.85106e+03    1.91357e+04    1.95074e+04    1.00031e+03
 Per. Imp. Dih.      CMAP Dih.          LJ-14     Coulomb-14        LJ (SR)
    3.54377e+00   -5.33865e+02    5.48579e+03    9.23191e+04    1.67434e+05
   Coulomb (SR)   Coul. recip. Position Rest.      Potential    Kinetic En.
   -2.03985e+06    2.51605e+03    3.90180e+03   -1.71818e+06    3.19210e+05
   Total Energy  Conserved En.    Temperature Pressure (bar)   Constr. rmsd
   -1.39897e+06   -2.08529e+06    3.01637e+02   -2.79170e+01    0.00000e+00

step 7600: timed with pme grid 52 52 52, coulomb cutoff 1.565: 195.3 M-cycles
step 7800: timed with pme grid 56 56 56, coulomb cutoff 1.453: 161.6 M-cycles
step 8000: timed with pme grid 60 60 60, coulomb cutoff 1.356: 173.1 M-cycles
           Step           Time
           8000       16.00000

   Energies (kJ/mol)
           Bond          Angle            U-B    Proper Dih.  Improper Dih.
    9.10667e+03    1.90467e+03    1.86053e+04    1.97054e+04    1.10141e+03
 Per. Imp. Dih.      CMAP Dih.          LJ-14     Coulomb-14        LJ (SR)
    4.67791e+00   -5.74723e+02    5.45809e+03    9.25002e+04    1.69836e+05
   Coulomb (SR)   Coul. recip. Position Rest.      Potential    Kinetic En.
   -2.04513e+06    5.06087e+03    4.00974e+03   -1.71841e+06    3.18768e+05
   Total Energy  Conserved En.    Temperature Pressure (bar)   Constr. rmsd
   -1.39965e+06   -2.08537e+06    3.01220e+02    7.55699e+01    0.00000e+00

step 8200: timed with pme grid 64 64 64, coulomb cutoff 1.271: 143.9 M-cycles
step 8400: timed with pme grid 72 72 72, coulomb cutoff 1.200: 149.6 M-cycles
              optimal pme grid 72 72 72, coulomb cutoff 1.200
           Step           Time
           8500       17.00000

   Energies (kJ/mol)
           Bond          Angle            U-B    Proper Dih.  Improper Dih.
    8.74936e+03    1.88128e+03    1.85963e+04    1.95131e+04    9.94045e+02
 Per. Imp. Dih.      CMAP Dih.          LJ-14     Coulomb-14        LJ (SR)
    7.95083e+00   -5.26727e+02    5.54224e+03    9.29993e+04    1.67711e+05
   Coulomb (SR)   Coul. recip. Position Rest.      Potential    Kinetic En.
   -2.04313e+06    6.08612e+03    3.96237e+03   -1.71762e+06    3.17948e+05
   Total Energy  Conserved En.    Temperature Pressure (bar)   Constr. rmsd
   -1.39967e+06   -2.08530e+06    3.00445e+02   -3.74307e+01    0.00000e+00

           Step           Time
           9000       18.00000

   Energies (kJ/mol)
           Bond          Angle            U-B    Proper Dih.  Improper Dih.
    8.98741e+03    1.82524e+03    1.86060e+04    1.94703e+04    1.12113e+03
 Per. Imp. Dih.      CMAP Dih.          LJ-14     Coulomb-14        LJ (SR)
    1.15388e+01   -5.60067e+02    5.37718e+03    9.27583e+04    1.69174e+05
   Coulomb (SR)   Coul. recip. Position Rest.      Potential    Kinetic En.
   -2.04647e+06    6.06221e+03    4.07073e+03   -1.71956e+06    3.17052e+05
   Total Energy  Conserved En.    Temperature Pressure (bar)   Constr. rmsd
   -1.40251e+06   -2.08526e+06    2.99598e+02   -3.22757e+01    0.00000e+00

           Step           Time
           9500       19.00000

   Energies (kJ/mol)
           Bond          Angle            U-B    Proper Dih.  Improper Dih.
    9.06301e+03    1.89813e+03    1.85229e+04    1.94391e+04    1.05784e+03
 Per. Imp. Dih.      CMAP Dih.          LJ-14     Coulomb-14        LJ (SR)
    2.27001e+00   -5.81612e+02    5.60292e+03    9.21937e+04    1.70375e+05
   Coulomb (SR)   Coul. recip. Position Rest.      Potential    Kinetic En.
   -2.04685e+06    6.09916e+03    3.93559e+03   -1.71924e+06    3.18337e+05
   Total Energy  Conserved En.    Temperature Pressure (bar)   Constr. rmsd
   -1.40090e+06   -2.08534e+06    3.00812e+02    6.52718e+01    0.00000e+00

           Step           Time
          10000       20.00000

   Energies (kJ/mol)
           Bond          Angle            U-B    Proper Dih.  Improper Dih.
    8.56554e+03    1.83900e+03    1.85679e+04    1.94034e+04    1.04506e+03
 Per. Imp. Dih.      CMAP Dih.          LJ-14     Coulomb-14        LJ (SR)
    5.71992e+00   -5.66967e+02    5.63999e+03    9.24134e+04    1.69103e+05
   Coulomb (SR)   Coul. recip. Position Rest.      Potential    Kinetic En.
   -2.04585e+06    6.16446e+03    4.08831e+03   -1.71958e+06    3.16571e+05
   Total Energy  Conserved En.    Temperature Pressure (bar)   Constr. rmsd
   -1.40301e+06   -2.08538e+06    2.99144e+02    1.33905e+02    0.00000e+00

           Step           Time
          10500       21.00000

   Energies (kJ/mol)
           Bond          Angle            U-B    Proper Dih.  Improper Dih.
    8.97697e+03    1.87592e+03    1.85770e+04    1.96747e+04    9.81827e+02
 Per. Imp. Dih.      CMAP Dih.          LJ-14     Coulomb-14        LJ (SR)
    3.36734e+00   -5.47687e+02    5.41720e+03    9.24540e+04    1.69877e+05
   Coulomb (SR)   Coul. recip. Position Rest.      Potential    Kinetic En.
   -2.04519e+06    6.18945e+03    3.88762e+03   -1.71782e+06    3.18392e+05
   Total Energy  Conserved En.    Temperature Pressure (bar)   Constr. rmsd
   -1.39943e+06   -2.08538e+06    3.00865e+02    1.27593e+02    0.00000e+00

           Step           Time
          11000       22.00000

   Energies (kJ/mol)
           Bond          Angle            U-B    Proper Dih.  Improper Dih.
    8.59241e+03    1.86387e+03    1.86703e+04    1.94480e+04    1.03277e+03
 Per. Imp. Dih.      CMAP Dih.          LJ-14     Coulomb-14        LJ (SR)
    5.34284e+00   -5.84183e+02    5.44084e+03    9.25152e+04    1.68941e+05
   Coulomb (SR)   Coul. recip. Position Rest.      Potential    Kinetic En.
   -2.04395e+06    6.10745e+03    4.00164e+03   -1.71791e+06    3.17196e+05
   Total Energy  Conserved En.    Temperature Pressure (bar)   Constr. rmsd
   -1.40072e+06   -2.08530e+06    2.99734e+02    6.89635e+01    0.00000e+00

           Step           Time
          11500       23.00000

   Energies (kJ/mol)
           Bond          Angle            U-B    Proper Dih.  Improper Dih.
    8.79134e+03    1.89070e+03    1.84738e+04    1.95173e+04    1.03208e+03
 Per. Imp. Dih.      CMAP Dih.          LJ-14     Coulomb-14        LJ (SR)
    5.35078e+00   -5.23011e+02    5.45237e+03    9.24785e+04    1.66610e+05
   Coulomb (SR)   Coul. recip. Position Rest.      Potential    Kinetic En.
   -2.04254e+06    6.15263e+03    3.96808e+03   -1.71869e+06    3.18401e+05
   Total Energy  Conserved En.    Temperature Pressure (bar)   Constr. rmsd
   -1.40029e+06   -2.08516e+06    3.00873e+02   -4.09208e+01    0.00000e+00

           Step           Time
          12000       24.00000

   Energies (kJ/mol)
           Bond          Angle            U-B    Proper Dih.  Improper Dih.
    9.02317e+03    1.82661e+03    1.84533e+04    1.97221e+04    9.46816e+02
 Per. Imp. Dih.      CMAP Dih.          LJ-14     Coulomb-14        LJ (SR)
    4.75765e+00   -5.77330e+02    5.45041e+03    9.22686e+04    1.68701e+05
   Coulomb (SR)   Coul. recip. Position Rest.      Potential    Kinetic En.
   -2.04571e+06    6.17686e+03    3.94938e+03   -1.71976e+06    3.16118e+05
   Total Energy  Conserved En.    Temperature Pressure (bar)   Constr. rmsd
   -1.40364e+06   -2.08517e+06    2.98716e+02   -1.87417e+01    0.00000e+00

           Step           Time
          12500       25.00000

   Energies (kJ/mol)
           Bond          Angle            U-B    Proper Dih.  Improper Dih.
    8.93994e+03    1.83906e+03    1.91163e+04    1.94595e+04    1.02563e+03
 Per. Imp. Dih.      CMAP Dih.          LJ-14     Coulomb-14        LJ (SR)
    8.59221e-01   -6.04044e+02    5.33808e+03    9.25373e+04    1.66435e+05
   Coulomb (SR)   Coul. recip. Position Rest.      Potential    Kinetic En.
   -2.04034e+06    6.04731e+03    4.09195e+03   -1.71612e+06    3.18379e+05
   Total Energy  Conserved En.    Temperature Pressure (bar)   Constr. rmsd
   -1.39774e+06   -2.08508e+06    3.00852e+02   -1.10235e+02    0.00000e+00

           Step           Time
          13000       26.00000

   Energies (kJ/mol)
           Bond          Angle            U-B    Proper Dih.  Improper Dih.
    8.97986e+03    1.84818e+03    1.83206e+04    1.95929e+04    1.00230e+03
 Per. Imp. Dih.      CMAP Dih.          LJ-14     Coulomb-14        LJ (SR)
    5.89164e+00   -4.95345e+02    5.47545e+03    9.26753e+04    1.68429e+05
   Coulomb (SR)   Coul. recip. Position Rest.      Potential    Kinetic En.
   -2.04380e+06    6.13382e+03    3.85021e+03   -1.71798e+06    3.17442e+05
   Total Energy  Conserved En.    Temperature Pressure (bar)   Constr. rmsd
   -1.40054e+06   -2.08521e+06    2.99967e+02    1.52223e+01    0.00000e+00

           Step           Time
          13500       27.00000

   Energies (kJ/mol)
           Bond          Angle            U-B    Proper Dih.  Improper Dih.
    8.73197e+03    1.87706e+03    1.86253e+04    1.94676e+04    1.09376e+03
 Per. Imp. Dih.      CMAP Dih.          LJ-14     Coulomb-14        LJ (SR)
    7.24336e+00   -5.05056e+02    5.43795e+03    9.24025e+04    1.67986e+05
   Coulomb (SR)   Coul. recip. Position Rest.      Potential    Kinetic En.
   -2.04168e+06    6.08996e+03    4.02159e+03   -1.71644e+06    3.18136e+05
   Total Energy  Conserved En.    Temperature Pressure (bar)   Constr. rmsd
   -1.39831e+06   -2.08515e+06    3.00623e+02   -3.00593e+01    0.00000e+00

           Step           Time
          14000       28.00000

   Energies (kJ/mol)
           Bond          Angle            U-B    Proper Dih.  Improper Dih.
    9.03220e+03    1.84959e+03    1.85714e+04    1.97674e+04    9.69196e+02
 Per. Imp. Dih.      CMAP Dih.          LJ-14     Coulomb-14        LJ (SR)
    9.72930e+00   -5.20830e+02    5.50498e+03    9.24257e+04    1.68708e+05
   Coulomb (SR)   Coul. recip. Position Rest.      Potential    Kinetic En.
   -2.04390e+06    6.17899e+03    3.91147e+03   -1.71749e+06    3.19768e+05
   Total Energy  Conserved En.    Temperature Pressure (bar)   Constr. rmsd
   -1.39772e+06   -2.08525e+06    3.02165e+02    8.29033e+01    0.00000e+00

           Step           Time
          14500       29.00000

   Energies (kJ/mol)
           Bond          Angle            U-B    Proper Dih.  Improper Dih.
    8.70792e+03    1.83630e+03    1.88090e+04    1.94449e+04    1.01954e+03
 Per. Imp. Dih.      CMAP Dih.          LJ-14     Coulomb-14        LJ (SR)
    9.47315e+00   -5.32447e+02    5.47216e+03    9.27204e+04    1.68867e+05
   Coulomb (SR)   Coul. recip. Position Rest.      Potential    Kinetic En.
   -2.04375e+06    6.15722e+03    4.09917e+03   -1.71714e+06    3.15925e+05
   Total Energy  Conserved En.    Temperature Pressure (bar)   Constr. rmsd
   -1.40121e+06   -2.08515e+06    2.98534e+02    6.31717e+01    0.00000e+00

           Step           Time
          15000       30.00000

   Energies (kJ/mol)
           Bond          Angle            U-B    Proper Dih.  Improper Dih.
    8.87220e+03    1.86190e+03    1.81364e+04    1.94951e+04    1.05098e+03
 Per. Imp. Dih.      CMAP Dih.          LJ-14     Coulomb-14        LJ (SR)
    5.60473e+00   -5.95195e+02    5.42465e+03    9.25187e+04    1.69146e+05
   Coulomb (SR)   Coul. recip. Position Rest.      Potential    Kinetic En.
   -2.04630e+06    6.02005e+03    3.90859e+03   -1.72046e+06    3.15215e+05
   Total Energy  Conserved En.    Temperature Pressure (bar)   Constr. rmsd
   -1.40524e+06   -2.08512e+06    2.97863e+02   -4.89750e+00    0.00000e+00

           Step           Time
          15500       31.00000

   Energies (kJ/mol)
           Bond          Angle            U-B    Proper Dih.  Improper Dih.
    8.88037e+03    1.84867e+03    1.86148e+04    1.94953e+04    1.09975e+03
 Per. Imp. Dih.      CMAP Dih.          LJ-14     Coulomb-14        LJ (SR)
    6.30534e+00   -5.42089e+02    5.49570e+03    9.26446e+04    1.69730e+05
   Coulomb (SR)   Coul. recip. Position Rest.      Potential    Kinetic En.
   -2.04557e+06    6.18465e+03    3.79990e+03   -1.71832e+06    3.18414e+05
   Total Energy  Conserved En.    Temperature Pressure (bar)   Constr. rmsd
   -1.39990e+06   -2.08514e+06    3.00885e+02    3.08722e+01    0.00000e+00

           Step           Time
          16000       32.00000

   Energies (kJ/mol)
           Bond          Angle            U-B    Proper Dih.  Improper Dih.
    8.86303e+03    1.84598e+03    1.81542e+04    1.95743e+04    1.03736e+03
 Per. Imp. Dih.      CMAP Dih.          LJ-14     Coulomb-14        LJ (SR)
    4.12569e+00   -5.19365e+02    5.52940e+03    9.27849e+04    1.67408e+05
   Coulomb (SR)   Coul. recip. Position Rest.      Potential    Kinetic En.
   -2.04363e+06    6.11946e+03    3.76217e+03   -1.71906e+06    3.16966e+05
   Total Energy  Conserved En.    Temperature Pressure (bar)   Constr. rmsd
   -1.40210e+06   -2.08502e+06    2.99517e+02   -6.53072e+01    0.00000e+00

           Step           Time
          16500       33.00000

   Energies (kJ/mol)
           Bond          Angle            U-B    Proper Dih.  Improper Dih.
    8.54654e+03    1.81960e+03    1.85995e+04    1.95677e+04    9.65846e+02
 Per. Imp. Dih.      CMAP Dih.          LJ-14     Coulomb-14        LJ (SR)
    4.81828e+00   -4.92265e+02    5.47609e+03    9.26102e+04    1.68309e+05
   Coulomb (SR)   Coul. recip. Position Rest.      Potential    Kinetic En.
   -2.04581e+06    6.06598e+03    3.88122e+03   -1.72046e+06    3.16749e+05
   Total Energy  Conserved En.    Temperature Pressure (bar)   Constr. rmsd
   -1.40371e+06   -2.08504e+06    2.99312e+02   -2.39095e+01    0.00000e+00

           Step           Time
          17000       34.00000

   Energies (kJ/mol)
           Bond          Angle            U-B    Proper Dih.  Improper Dih.
    8.58457e+03    1.82613e+03    1.87635e+04    1.94898e+04    1.08929e+03
 Per. Imp. Dih.      CMAP Dih.          LJ-14     Coulomb-14        LJ (SR)
    3.37242e+00   -5.42185e+02    5.47885e+03    9.24618e+04    1.69249e+05
   Coulomb (SR)   Coul. recip. Position Rest.      Potential    Kinetic En.
   -2.04776e+06    6.07137e+03    4.03201e+03   -1.72126e+06    3.18076e+05
   Total Energy  Conserved En.    Temperature Pressure (bar)   Constr. rmsd
   -1.40318e+06   -2.08514e+06    3.00566e+02    3.82405e+01    0.00000e+00

           Step           Time
          17500       35.00000

   Energies (kJ/mol)
           Bond          Angle            U-B    Proper Dih.  Improper Dih.
    8.69363e+03    1.85619e+03    1.88332e+04    1.95758e+04    1.00722e+03
 Per. Imp. Dih.      CMAP Dih.          LJ-14     Coulomb-14        LJ (SR)
    3.17345e+00   -5.35893e+02    5.45949e+03    9.24288e+04    1.67761e+05
   Coulomb (SR)   Coul. recip. Position Rest.      Potential    Kinetic En.
   -2.04255e+06    6.28146e+03    3.94886e+03   -1.71724e+06    3.17415e+05
   Total Energy  Conserved En.    Temperature Pressure (bar)   Constr. rmsd
   -1.39982e+06   -2.08498e+06    2.99941e+02   -7.10737e+01    0.00000e+00

           Step           Time
          18000       36.00000

   Energies (kJ/mol)
           Bond          Angle            U-B    Proper Dih.  Improper Dih.
    8.70850e+03    1.85171e+03    1.82643e+04    1.94588e+04    9.65300e+02
 Per. Imp. Dih.      CMAP Dih.          LJ-14     Coulomb-14        LJ (SR)
    1.90065e+00   -5.52958e+02    5.52009e+03    9.26260e+04    1.70163e+05
   Coulomb (SR)   Coul. recip. Position Rest.      Potential    Kinetic En.
   -2.04806e+06    6.11733e+03    4.03942e+03   -1.72090e+06    3.17426e+05
   Total Energy  Conserved En.    Temperature Pressure (bar)   Constr. rmsd
   -1.40347e+06   -2.08510e+06    2.99952e+02    7.88820e+01    0.00000e+00

           Step           Time
          18500       37.00000

   Energies (kJ/mol)
           Bond          Angle            U-B    Proper Dih.  Improper Dih.
    8.85247e+03    1.83643e+03    1.87709e+04    1.95208e+04    1.05468e+03
 Per. Imp. Dih.      CMAP Dih.          LJ-14     Coulomb-14        LJ (SR)
    5.31521e+00   -6.09792e+02    5.39612e+03    9.26487e+04    1.67216e+05
   Coulomb (SR)   Coul. recip. Position Rest.      Potential    Kinetic En.
   -2.04286e+06    5.98428e+03    4.02115e+03   -1.71816e+06    3.17968e+05
   Total Energy  Conserved En.    Temperature Pressure (bar)   Constr. rmsd
   -1.40019e+06   -2.08489e+06    3.00464e+02   -1.48989e+02    0.00000e+00

           Step           Time
          19000       38.00000

   Energies (kJ/mol)
           Bond          Angle            U-B    Proper Dih.  Improper Dih.
    8.95263e+03    1.82080e+03    1.84603e+04    1.95562e+04    1.03263e+03
 Per. Imp. Dih.      CMAP Dih.          LJ-14     Coulomb-14        LJ (SR)
    3.72959e+00   -5.59784e+02    5.46907e+03    9.28974e+04    1.67092e+05
   Coulomb (SR)   Coul. recip. Position Rest.      Potential    Kinetic En.
   -2.04230e+06    6.04062e+03    3.99005e+03   -1.71755e+06    3.18316e+05
   Total Energy  Conserved En.    Temperature Pressure (bar)   Constr. rmsd
   -1.39923e+06   -2.08498e+06    3.00793e+02   -4.22563e+01    0.00000e+00

           Step           Time
          19500       39.00000

   Energies (kJ/mol)
           Bond          Angle            U-B    Proper Dih.  Improper Dih.
    8.80805e+03    1.81192e+03    1.84475e+04    1.96073e+04    1.04303e+03
 Per. Imp. Dih.      CMAP Dih.          LJ-14     Coulomb-14        LJ (SR)
    5.86471e+00   -5.35136e+02    5.44649e+03    9.21683e+04    1.69020e+05
   Coulomb (SR)   Coul. recip. Position Rest.      Potential    Kinetic En.
   -2.04417e+06    6.08726e+03    3.98903e+03   -1.71827e+06    3.16709e+05
   Total Energy  Conserved En.    Temperature Pressure (bar)   Constr. rmsd
   -1.40156e+06   -2.08507e+06    2.99275e+02    6.15963e+01    0.00000e+00

           Step           Time
          20000       40.00000

   Energies (kJ/mol)
           Bond          Angle            U-B    Proper Dih.  Improper Dih.
    8.95890e+03    1.85387e+03    1.86664e+04    1.96815e+04    1.07792e+03
 Per. Imp. Dih.      CMAP Dih.          LJ-14     Coulomb-14        LJ (SR)
    1.18186e+00   -5.84114e+02    5.43253e+03    9.24258e+04    1.67404e+05
   Coulomb (SR)   Coul. recip. Position Rest.      Potential    Kinetic En.
   -2.04470e+06    6.15688e+03    3.89271e+03   -1.71974e+06    3.17642e+05
   Total Energy  Conserved En.    Temperature Pressure (bar)   Constr. rmsd
   -1.40209e+06   -2.08494e+06    3.00156e+02   -4.46513e+01    0.00000e+00

           Step           Time
          20500       41.00000

   Energies (kJ/mol)
           Bond          Angle            U-B    Proper Dih.  Improper Dih.
    8.93357e+03    1.83012e+03    1.83751e+04    1.95804e+04    1.07954e+03
 Per. Imp. Dih.      CMAP Dih.          LJ-14     Coulomb-14        LJ (SR)
    8.82287e+00   -4.47741e+02    5.36765e+03    9.24534e+04    1.69092e+05
   Coulomb (SR)   Coul. recip. Position Rest.      Potential    Kinetic En.
   -2.04509e+06    6.01163e+03    4.06141e+03   -1.71875e+06    3.19127e+05
   Total Energy  Conserved En.    Temperature Pressure (bar)   Constr. rmsd
   -1.39962e+06   -2.08499e+06    3.01560e+02   -2.47955e+01    0.00000e+00

           Step           Time
          21000       42.00000

   Energies (kJ/mol)
           Bond          Angle            U-B    Proper Dih.  Improper Dih.
    8.80274e+03    1.84976e+03    1.86198e+04    1.96203e+04    1.07234e+03
 Per. Imp. Dih.      CMAP Dih.          LJ-14     Coulomb-14        LJ (SR)
    7.28673e+00   -5.17615e+02    5.38233e+03    9.24610e+04    1.67917e+05
   Coulomb (SR)   Coul. recip. Position Rest.      Potential    Kinetic En.
   -2.04521e+06    6.12740e+03    3.98737e+03   -1.71988e+06    3.18603e+05
   Total Energy  Conserved En.    Temperature Pressure (bar)   Constr. rmsd
   -1.40128e+06   -2.08492e+06    3.01065e+02   -6.30631e+01    0.00000e+00

           Step           Time
          21500       43.00000

   Energies (kJ/mol)
           Bond          Angle            U-B    Proper Dih.  Improper Dih.
    8.74641e+03    1.83930e+03    1.83841e+04    1.97333e+04    9.60174e+02
 Per. Imp. Dih.      CMAP Dih.          LJ-14     Coulomb-14        LJ (SR)
    5.34806e+00   -5.52161e+02    5.49842e+03    9.28311e+04    1.66792e+05
   Coulomb (SR)   Coul. recip. Position Rest.      Potential    Kinetic En.
   -2.04385e+06    6.11536e+03    3.89640e+03   -1.71960e+06    3.16981e+05
   Total Energy  Conserved En.    Temperature Pressure (bar)   Constr. rmsd
   -1.40262e+06   -2.08495e+06    2.99532e+02   -6.95675e-01    0.00000e+00

           Step           Time
          22000       44.00000

   Energies (kJ/mol)
           Bond          Angle            U-B    Proper Dih.  Improper Dih.
    8.91883e+03    1.77883e+03    1.87605e+04    1.95801e+04    1.05108e+03
 Per. Imp. Dih.      CMAP Dih.          LJ-14     Coulomb-14        LJ (SR)
    2.64696e+00   -4.89551e+02    5.49337e+03    9.31392e+04    1.69424e+05
   Coulomb (SR)   Coul. recip. Position Rest.      Potential    Kinetic En.
   -2.04675e+06    6.11067e+03    3.78716e+03   -1.71919e+06    3.17906e+05
   Total Energy  Conserved En.    Temperature Pressure (bar)   Constr. rmsd
   -1.40129e+06   -2.08497e+06    3.00405e+02    8.16616e+01    0.00000e+00

           Step           Time
          22500       45.00000

   Energies (kJ/mol)
           Bond          Angle            U-B    Proper Dih.  Improper Dih.
    8.95918e+03    1.82011e+03    1.86176e+04    1.96101e+04    1.02030e+03
 Per. Imp. Dih.      CMAP Dih.          LJ-14     Coulomb-14        LJ (SR)
    1.89614e+00   -4.81365e+02    5.40687e+03    9.24500e+04    1.69287e+05
   Coulomb (SR)   Coul. recip. Position Rest.      Potential    Kinetic En.
   -2.04642e+06    6.16486e+03    3.92571e+03   -1.71964e+06    3.16843e+05
   Total Energy  Conserved En.    Temperature Pressure (bar)   Constr. rmsd
   -1.40280e+06   -2.08491e+06    2.99401e+02    7.00753e+00    0.00000e+00

           Step           Time
          23000       46.00000

   Energies (kJ/mol)
           Bond          Angle            U-B    Proper Dih.  Improper Dih.
    8.96058e+03    1.83281e+03    1.86800e+04    1.96490e+04    1.12932e+03
 Per. Imp. Dih.      CMAP Dih.          LJ-14     Coulomb-14        LJ (SR)
    6.01212e+00   -5.12141e+02    5.43694e+03    9.24468e+04    1.69266e+05
   Coulomb (SR)   Coul. recip. Position Rest.      Potential    Kinetic En.
   -2.04464e+06    6.10712e+03    3.89220e+03   -1.71774e+06    3.17556e+05
   Total Energy  Conserved En.    Temperature Pressure (bar)   Constr. rmsd
   -1.40019e+06   -2.08492e+06    3.00075e+02    3.42350e+01    0.00000e+00

           Step           Time
          23500       47.00000

   Energies (kJ/mol)
           Bond          Angle            U-B    Proper Dih.  Improper Dih.
    8.66587e+03    1.82779e+03    1.85047e+04    1.95821e+04    9.49646e+02
 Per. Imp. Dih.      CMAP Dih.          LJ-14     Coulomb-14        LJ (SR)
    3.57134e+00   -5.78423e+02    5.63208e+03    9.27557e+04    1.69548e+05
   Coulomb (SR)   Coul. recip. Position Rest.      Potential    Kinetic En.
   -2.04713e+06    6.06520e+03    4.09933e+03   -1.72008e+06    3.16649e+05
   Total Energy  Conserved En.    Temperature Pressure (bar)   Constr. rmsd
   -1.40343e+06   -2.08491e+06    2.99218e+02    4.86255e+01    0.00000e+00

           Step           Time
          24000       48.00000

   Energies (kJ/mol)
           Bond          Angle            U-B    Proper Dih.  Improper Dih.
    8.90855e+03    1.81778e+03    1.87889e+04    1.95250e+04    1.06678e+03
 Per. Imp. Dih.      CMAP Dih.          LJ-14     Coulomb-14        LJ (SR)
    3.82522e+00   -4.81843e+02    5.47588e+03    9.23779e+04    1.71049e+05
   Coulomb (SR)   Coul. recip. Position Rest.      Potential    Kinetic En.
   -2.04960e+06    6.07580e+03    3.98338e+03   -1.72101e+06    3.16614e+05
   Total Energy  Conserved En.    Temperature Pressure (bar)   Constr. rmsd
   -1.40440e+06   -2.08492e+06    2.99184e+02    5.99873e+01    0.00000e+00

           Step           Time
          24500       49.00000

   Energies (kJ/mol)
           Bond          Angle            U-B    Proper Dih.  Improper Dih.
    8.96497e+03    1.82108e+03    1.84317e+04    1.94639e+04    1.08218e+03
 Per. Imp. Dih.      CMAP Dih.          LJ-14     Coulomb-14        LJ (SR)
    2.09346e+00   -5.44882e+02    5.52749e+03    9.26096e+04    1.67231e+05
   Coulomb (SR)   Coul. recip. Position Rest.      Potential    Kinetic En.
   -2.04185e+06    6.16465e+03    3.94901e+03   -1.71715e+06    3.17176e+05
   Total Energy  Conserved En.    Temperature Pressure (bar)   Constr. rmsd
   -1.39997e+06   -2.08479e+06    2.99716e+02   -8.45080e+01    0.00000e+00

           Step           Time
          25000       50.00000

   Energies (kJ/mol)
           Bond          Angle            U-B    Proper Dih.  Improper Dih.
    8.58500e+03    1.80695e+03    1.83186e+04    1.94448e+04    1.00385e+03
 Per. Imp. Dih.      CMAP Dih.          LJ-14     Coulomb-14        LJ (SR)
    6.98368e+00   -5.48403e+02    5.44070e+03    9.28798e+04    1.68125e+05
   Coulomb (SR)   Coul. recip. Position Rest.      Potential    Kinetic En.
   -2.04425e+06    5.99930e+03    4.12445e+03   -1.71906e+06    3.17777e+05
   Total Energy  Conserved En.    Temperature Pressure (bar)   Constr. rmsd
   -1.40128e+06   -2.08483e+06    3.00284e+02   -4.55650e+01    0.00000e+00

           Step           Time
          25500       51.00000

   Energies (kJ/mol)
           Bond          Angle            U-B    Proper Dih.  Improper Dih.
    8.75297e+03    1.80356e+03    1.84762e+04    1.96211e+04    1.01339e+03
 Per. Imp. Dih.      CMAP Dih.          LJ-14     Coulomb-14        LJ (SR)
    6.97052e+00   -4.79632e+02    5.41968e+03    9.29022e+04    1.66874e+05
   Coulomb (SR)   Coul. recip. Position Rest.      Potential    Kinetic En.
   -2.04217e+06    6.06119e+03    3.86874e+03   -1.71785e+06    3.16972e+05
   Total Energy  Conserved En.    Temperature Pressure (bar)   Constr. rmsd
   -1.40088e+06   -2.08472e+06    2.99523e+02   -1.34974e+02    0.00000e+00

           Step           Time
          26000       52.00000

   Energies (kJ/mol)
           Bond          Angle            U-B    Proper Dih.  Improper Dih.
    8.91669e+03    1.82000e+03    1.84534e+04    1.94815e+04    9.67139e+02
 Per. Imp. Dih.      CMAP Dih.          LJ-14     Coulomb-14        LJ (SR)
    7.20482e+00   -5.63972e+02    5.54603e+03    9.24738e+04    1.70134e+05
   Coulomb (SR)   Coul. recip. Position Rest.      Potential    Kinetic En.
   -2.04628e+06    6.00315e+03    3.87332e+03   -1.71917e+06    3.17262e+05
   Total Energy  Conserved En.    Temperature Pressure (bar)   Constr. rmsd
   -1.40191e+06   -2.08490e+06    2.99797e+02    5.79496e+01    0.00000e+00

           Step           Time
          26500       53.00000

   Energies (kJ/mol)
           Bond          Angle            U-B    Proper Dih.  Improper Dih.
    8.72954e+03    1.80841e+03    1.87125e+04    1.94633e+04    1.00830e+03
 Per. Imp. Dih.      CMAP Dih.          LJ-14     Coulomb-14        LJ (SR)
    5.62874e+00   -5.56355e+02    5.52252e+03    9.23864e+04    1.67071e+05
   Coulomb (SR)   Coul. recip. Position Rest.      Potential    Kinetic En.
   -2.04390e+06    5.98914e+03    3.92487e+03   -1.71983e+06    3.17366e+05
   Total Energy  Conserved En.    Temperature Pressure (bar)   Constr. rmsd
   -1.40247e+06   -2.08470e+06    2.99895e+02   -1.45179e+02    0.00000e+00

           Step           Time
          27000       54.00000

   Energies (kJ/mol)
           Bond          Angle            U-B    Proper Dih.  Improper Dih.
    8.89693e+03    1.85470e+03    1.85780e+04    1.94394e+04    1.03183e+03
 Per. Imp. Dih.      CMAP Dih.          LJ-14     Coulomb-14        LJ (SR)
    4.38518e+00   -5.50643e+02    5.32832e+03    9.25068e+04    1.69990e+05
   Coulomb (SR)   Coul. recip. Position Rest.      Potential    Kinetic En.
   -2.04788e+06    6.14341e+03    3.80665e+03   -1.72085e+06    3.16402e+05
   Total Energy  Conserved En.    Temperature Pressure (bar)   Constr. rmsd
   -1.40445e+06   -2.08473e+06    2.98984e+02   -6.90016e+01    0.00000e+00

           Step           Time
          27500       55.00000

   Energies (kJ/mol)
           Bond          Angle            U-B    Proper Dih.  Improper Dih.
    8.96563e+03    1.83356e+03    1.82956e+04    1.96135e+04    9.99783e+02
 Per. Imp. Dih.      CMAP Dih.          LJ-14     Coulomb-14        LJ (SR)
    5.30824e+00   -4.83688e+02    5.44385e+03    9.27022e+04    1.66903e+05
   Coulomb (SR)   Coul. recip. Position Rest.      Potential    Kinetic En.
   -2.04346e+06    5.98571e+03    3.86262e+03   -1.71933e+06    3.16925e+05
   Total Energy  Conserved En.    Temperature Pressure (bar)   Constr. rmsd
   -1.40241e+06   -2.08472e+06    2.99478e+02   -7.89527e+01    0.00000e+00

           Step           Time
          28000       56.00000

   Energies (kJ/mol)
           Bond          Angle            U-B    Proper Dih.  Improper Dih.
    8.62951e+03    1.82263e+03    1.87878e+04    1.95368e+04    1.03666e+03
 Per. Imp. Dih.      CMAP Dih.          LJ-14     Coulomb-14        LJ (SR)
    2.19122e+00   -5.64801e+02    5.45601e+03    9.26089e+04    1.68365e+05
   Coulomb (SR)   Coul. recip. Position Rest.      Potential    Kinetic En.
   -2.04358e+06    6.17820e+03    4.01104e+03   -1.71771e+06    3.17858e+05
   Total Energy  Conserved En.    Temperature Pressure (bar)   Constr. rmsd
   -1.39985e+06   -2.08473e+06    3.00360e+02   -4.97183e+01    0.00000e+00

           Step           Time
          28500       57.00000

   Energies (kJ/mol)
           Bond          Angle            U-B    Proper Dih.  Improper Dih.
    8.83200e+03    1.81097e+03    1.87444e+04    1.95327e+04    1.05592e+03
 Per. Imp. Dih.      CMAP Dih.          LJ-14     Coulomb-14        LJ (SR)
    2.20371e+00   -5.26800e+02    5.58174e+03    9.25422e+04    1.69418e+05
   Coulomb (SR)   Coul. recip. Position Rest.      Potential    Kinetic En.
   -2.04718e+06    6.09802e+03    3.91385e+03   -1.72018e+06    3.18529e+05
   Total Energy  Conserved En.    Temperature Pressure (bar)   Constr. rmsd
   -1.40165e+06   -2.08485e+06    3.00994e+02    6.59126e+01    0.00000e+00

           Step           Time
          29000       58.00000

   Energies (kJ/mol)
           Bond          Angle            U-B    Proper Dih.  Improper Dih.
    8.92145e+03    1.83381e+03    1.83976e+04    1.94506e+04    1.06933e+03
 Per. Imp. Dih.      CMAP Dih.          LJ-14     Coulomb-14        LJ (SR)
    3.79949e+00   -4.97681e+02    5.56576e+03    9.24620e+04    1.66137e+05
   Coulomb (SR)   Coul. recip. Position Rest.      Potential    Kinetic En.
   -2.04258e+06    6.10697e+03    4.14925e+03   -1.71898e+06    3.17569e+05
   Total Energy  Conserved En.    Temperature Pressure (bar)   Constr. rmsd
   -1.40141e+06   -2.08462e+06    3.00087e+02   -1.25961e+02    0.00000e+00

           Step           Time
          29500       59.00000

   Energies (kJ/mol)
           Bond          Angle            U-B    Proper Dih.  Improper Dih.
    9.01279e+03    1.79713e+03    1.87508e+04    1.93344e+04    1.00892e+03
 Per. Imp. Dih.      CMAP Dih.          LJ-14     Coulomb-14        LJ (SR)
    3.78281e+00   -5.44733e+02    5.47929e+03    9.22807e+04    1.69408e+05
   Coulomb (SR)   Coul. recip. Position Rest.      Potential    Kinetic En.
   -2.04381e+06    6.23077e+03    3.87191e+03   -1.71718e+06    3.17932e+05
   Total Energy  Conserved En.    Temperature Pressure (bar)   Constr. rmsd
   -1.39924e+06   -2.08486e+06    3.00430e+02    1.17900e+02    0.00000e+00

           Step           Time
          30000       60.00000

   Energies (kJ/mol)
           Bond          Angle            U-B    Proper Dih.  Improper Dih.
    8.92568e+03    1.82210e+03    1.84608e+04    1.96181e+04    1.03693e+03
 Per. Imp. Dih.      CMAP Dih.          LJ-14     Coulomb-14        LJ (SR)
    3.31644e+00   -5.58908e+02    5.41975e+03    9.22456e+04    1.68057e+05
   Coulomb (SR)   Coul. recip. Position Rest.      Potential    Kinetic En.
   -2.04550e+06    6.14912e+03    3.98552e+03   -1.72034e+06    3.17588e+05
   Total Energy  Conserved En.    Temperature Pressure (bar)   Constr. rmsd
   -1.40275e+06   -2.08467e+06    3.00105e+02   -6.60151e+01    0.00000e+00

           Step           Time
          30500       61.00000

   Energies (kJ/mol)
           Bond          Angle            U-B    Proper Dih.  Improper Dih.
    8.91782e+03    1.80634e+03    1.88262e+04    1.93214e+04    1.06373e+03
 Per. Imp. Dih.      CMAP Dih.          LJ-14     Coulomb-14        LJ (SR)
    5.53165e+00   -5.79059e+02    5.37561e+03    9.24662e+04    1.67536e+05
   Coulomb (SR)   Coul. recip. Position Rest.      Potential    Kinetic En.
   -2.04294e+06    5.97899e+03    3.91342e+03   -1.71831e+06    3.17071e+05
   Total Energy  Conserved En.    Temperature Pressure (bar)   Constr. rmsd
   -1.40124e+06   -2.08471e+06    2.99617e+02   -2.90612e+01    0.00000e+00

           Step           Time
          31000       62.00000

   Energies (kJ/mol)
           Bond          Angle            U-B    Proper Dih.  Improper Dih.
    8.99296e+03    1.84919e+03    1.87272e+04    1.94371e+04    1.04614e+03
 Per. Imp. Dih.      CMAP Dih.          LJ-14     Coulomb-14        LJ (SR)
    5.81354e+00   -5.78879e+02    5.36581e+03    9.22067e+04    1.68045e+05
   Coulomb (SR)   Coul. recip. Position Rest.      Potential    Kinetic En.
   -2.04349e+06    5.99503e+03    3.77561e+03   -1.71862e+06    3.16606e+05
   Total Energy  Conserved En.    Temperature Pressure (bar)   Constr. rmsd
   -1.40202e+06   -2.08462e+06    2.99177e+02   -7.48885e+01    0.00000e+00

           Step           Time
          31500       63.00000

   Energies (kJ/mol)
           Bond          Angle            U-B    Proper Dih.  Improper Dih.
    8.68851e+03    1.84020e+03    1.86352e+04    1.94011e+04    9.86674e+02
 Per. Imp. Dih.      CMAP Dih.          LJ-14     Coulomb-14        LJ (SR)
    3.17245e+00   -4.70265e+02    5.49015e+03    9.26875e+04    1.67328e+05
   Coulomb (SR)   Coul. recip. Position Rest.      Potential    Kinetic En.
   -2.04327e+06    5.97026e+03    4.03919e+03   -1.71867e+06    3.16652e+05
   Total Energy  Conserved En.    Temperature Pressure (bar)   Constr. rmsd
   -1.40202e+06   -2.08469e+06    2.99220e+02    1.76745e+01    0.00000e+00

           Step           Time
          32000       64.00000

   Energies (kJ/mol)
           Bond          Angle            U-B    Proper Dih.  Improper Dih.
    8.53277e+03    1.84269e+03    1.84132e+04    1.95851e+04    9.57569e+02
 Per. Imp. Dih.      CMAP Dih.          LJ-14     Coulomb-14        LJ (SR)
    6.22959e+00   -5.87018e+02    5.52569e+03    9.30313e+04    1.67468e+05
   Coulomb (SR)   Coul. recip. Position Rest.      Potential    Kinetic En.
   -2.04401e+06    6.16187e+03    3.81312e+03   -1.71926e+06    3.16375e+05
   Total Energy  Conserved En.    Temperature Pressure (bar)   Constr. rmsd
   -1.40288e+06   -2.08465e+06    2.98959e+02   -6.84235e+01    0.00000e+00

           Step           Time
          32500       65.00000

   Energies (kJ/mol)
           Bond          Angle            U-B    Proper Dih.  Improper Dih.
    8.99423e+03    1.82534e+03    1.83030e+04    1.95083e+04    9.45244e+02
 Per. Imp. Dih.      CMAP Dih.          LJ-14     Coulomb-14        LJ (SR)
    4.25900e+00   -5.41509e+02    5.36109e+03    9.26290e+04    1.69102e+05
   Coulomb (SR)   Coul. recip. Position Rest.      Potential    Kinetic En.
   -2.04715e+06    5.96709e+03    4.03076e+03   -1.72102e+06    3.17870e+05
   Total Energy  Conserved En.    Temperature Pressure (bar)   Constr. rmsd
   -1.40315e+06   -2.08470e+06    3.00371e+02    3.55805e+01    0.00000e+00

           Step           Time
          33000       66.00000

   Energies (kJ/mol)
           Bond          Angle            U-B    Proper Dih.  Improper Dih.
    8.94555e+03    1.82894e+03    1.86346e+04    1.93756e+04    1.01281e+03
 Per. Imp. Dih.      CMAP Dih.          LJ-14     Coulomb-14        LJ (SR)
    3.50815e+00   -4.99754e+02    5.30797e+03    9.22824e+04    1.68685e+05
   Coulomb (SR)   Coul. recip. Position Rest.      Potential    Kinetic En.
   -2.04451e+06    5.99276e+03    3.91988e+03   -1.71902e+06    3.17918e+05
   Total Energy  Conserved En.    Temperature Pressure (bar)   Constr. rmsd
   -1.40110e+06   -2.08468e+06    3.00417e+02    5.69986e+00    0.00000e+00

           Step           Time
          33500       67.00000

   Energies (kJ/mol)
           Bond          Angle            U-B    Proper Dih.  Improper Dih.
    8.84574e+03    1.81891e+03    1.81870e+04    1.93837e+04    1.01636e+03
 Per. Imp. Dih.      CMAP Dih.          LJ-14     Coulomb-14        LJ (SR)
    8.02609e+00   -4.52434e+02    5.47813e+03    9.24313e+04    1.66638e+05
   Coulomb (SR)   Coul. recip. Position Rest.      Potential    Kinetic En.
   -2.04279e+06    6.08420e+03    4.09863e+03   -1.71926e+06    3.16871e+05
   Total Energy  Conserved En.    Temperature Pressure (bar)   Constr. rmsd
   -1.40238e+06   -2.08464e+06    2.99427e+02   -2.39146e+01    0.00000e+00

           Step           Time
          34000       68.00000

   Energies (kJ/mol)
           Bond          Angle            U-B    Proper Dih.  Improper Dih.
    8.76822e+03    1.79966e+03    1.85529e+04    1.94714e+04    1.02359e+03
 Per. Imp. Dih.      CMAP Dih.          LJ-14     Coulomb-14        LJ (SR)
    1.41962e+00   -6.11584e+02    5.43636e+03    9.27388e+04    1.70223e+05
   Coulomb (SR)   Coul. recip. Position Rest.      Potential    Kinetic En.
   -2.04818e+06    6.07505e+03    4.07184e+03   -1.72063e+06    3.18040e+05
   Total Energy  Conserved En.    Temperature Pressure (bar)   Constr. rmsd
   -1.40259e+06   -2.08474e+06    3.00532e+02    1.39850e+02    0.00000e+00

           Step           Time
          34500       69.00000

   Energies (kJ/mol)
           Bond          Angle            U-B    Proper Dih.  Improper Dih.
    8.97443e+03    1.80350e+03    1.87864e+04    1.95183e+04    1.02727e+03
 Per. Imp. Dih.      CMAP Dih.          LJ-14     Coulomb-14        LJ (SR)
    1.56330e+00   -5.10440e+02    5.42739e+03    9.24687e+04    1.65918e+05
   Coulomb (SR)   Coul. recip. Position Rest.      Potential    Kinetic En.
   -2.04287e+06    5.99515e+03    3.85397e+03   -1.71960e+06    3.18092e+05
   Total Energy  Conserved En.    Temperature Pressure (bar)   Constr. rmsd
   -1.40151e+06   -2.08448e+06    3.00581e+02   -1.17514e+02    0.00000e+00

           Step           Time
          35000       70.00000

   Energies (kJ/mol)
           Bond          Angle            U-B    Proper Dih.  Improper Dih.
    9.14626e+03    1.81630e+03    1.83478e+04    1.95521e+04    1.02924e+03
 Per. Imp. Dih.      CMAP Dih.          LJ-14     Coulomb-14        LJ (SR)
    4.03911e+00   -5.40801e+02    5.40658e+03    9.26473e+04    1.68781e+05
   Coulomb (SR)   Coul. recip. Position Rest.      Potential    Kinetic En.
   -2.04276e+06    6.12558e+03    3.99863e+03   -1.71644e+06    3.17719e+05
   Total Energy  Conserved En.    Temperature Pressure (bar)   Constr. rmsd
   -1.39872e+06   -2.08465e+06    3.00228e+02    4.69469e+01    0.00000e+00

           Step           Time
          35500       71.00000

   Energies (kJ/mol)
           Bond          Angle            U-B    Proper Dih.  Improper Dih.
    8.57880e+03    1.82173e+03    1.86471e+04    1.93390e+04    9.58850e+02
 Per. Imp. Dih.      CMAP Dih.          LJ-14     Coulomb-14        LJ (SR)
    3.39333e+00   -5.13609e+02    5.53122e+03    9.26860e+04    1.69911e+05
   Coulomb (SR)   Coul. recip. Position Rest.      Potential    Kinetic En.
   -2.04618e+06    6.02619e+03    4.06614e+03   -1.71912e+06    3.17442e+05
   Total Energy  Conserved En.    Temperature Pressure (bar)   Constr. rmsd
   -1.40168e+06   -2.08467e+06    2.99966e+02    4.48980e+01    0.00000e+00

           Step           Time
          36000       72.00000

   Energies (kJ/mol)
           Bond          Angle            U-B    Proper Dih.  Improper Dih.
    8.85712e+03    1.82748e+03    1.88535e+04    1.95977e+04    1.05689e+03
 Per. Imp. Dih.      CMAP Dih.          LJ-14     Coulomb-14        LJ (SR)
    2.68904e+00   -5.46903e+02    5.41602e+03    9.21400e+04    1.66999e+05
   Coulomb (SR)   Coul. recip. Position Rest.      Potential    Kinetic En.
   -2.04122e+06    6.11729e+03    3.96524e+03   -1.71694e+06    3.19601e+05
   Total Energy  Conserved En.    Temperature Pressure (bar)   Constr. rmsd
   -1.39734e+06   -2.08455e+06    3.02007e+02   -6.10470e+01    0.00000e+00

           Step           Time
          36500       73.00000

   Energies (kJ/mol)
           Bond          Angle            U-B    Proper Dih.  Improper Dih.
    8.73972e+03    1.81926e+03    1.87675e+04    1.94400e+04    1.06742e+03
 Per. Imp. Dih.      CMAP Dih.          LJ-14     Coulomb-14        LJ (SR)
    5.98429e+00   -5.57905e+02    5.53313e+03    9.25714e+04    1.66401e+05
   Coulomb (SR)   Coul. recip. Position Rest.      Potential    Kinetic En.
   -2.04119e+06    6.15084e+03    4.00247e+03   -1.71725e+06    3.17428e+05
   Total Energy  Conserved En.    Temperature Pressure (bar)   Constr. rmsd
   -1.39982e+06   -2.08457e+06    2.99954e+02    6.58969e+00    0.00000e+00

           Step           Time
          37000       74.00000

   Energies (kJ/mol)
           Bond          Angle            U-B    Proper Dih.  Improper Dih.
    8.76317e+03    1.78904e+03    1.85725e+04    1.94640e+04    1.09430e+03
 Per. Imp. Dih.      CMAP Dih.          LJ-14     Coulomb-14        LJ (SR)
    6.45265e+00   -5.44608e+02    5.48486e+03    9.24730e+04    1.70297e+05
   Coulomb (SR)   Coul. recip. Position Rest.      Potential    Kinetic En.
   -2.04686e+06    5.98902e+03    4.01611e+03   -1.71946e+06    3.18105e+05
   Total Energy  Conserved En.    Temperature Pressure (bar)   Constr. rmsd
   -1.40135e+06   -2.08461e+06    3.00594e+02    2.80626e+01    0.00000e+00

           Step           Time
          37500       75.00000

   Energies (kJ/mol)
           Bond          Angle            U-B    Proper Dih.  Improper Dih.
    8.71487e+03    1.80379e+03    1.89571e+04    1.92614e+04    1.06879e+03
 Per. Imp. Dih.      CMAP Dih.          LJ-14     Coulomb-14        LJ (SR)
    8.04632e+00   -5.69806e+02    5.38653e+03    9.26402e+04    1.68429e+05
   Coulomb (SR)   Coul. recip. Position Rest.      Potential    Kinetic En.
   -2.04210e+06    6.07592e+03    4.07318e+03   -1.71625e+06    3.16840e+05
   Total Energy  Conserved En.    Temperature Pressure (bar)   Constr. rmsd
   -1.39941e+06   -2.08458e+06    2.99398e+02    5.51792e+01    0.00000e+00

           Step           Time
          38000       76.00000

   Energies (kJ/mol)
           Bond          Angle            U-B    Proper Dih.  Improper Dih.
    8.53860e+03    1.81448e+03    1.86291e+04    1.94726e+04    9.95668e+02
 Per. Imp. Dih.      CMAP Dih.          LJ-14     Coulomb-14        LJ (SR)
    5.59956e+00   -4.93587e+02    5.55179e+03    9.21822e+04    1.68469e+05
   Coulomb (SR)   Coul. recip. Position Rest.      Potential    Kinetic En.
   -2.04517e+06    6.16446e+03    4.04931e+03   -1.71980e+06    3.16692e+05
   Total Energy  Conserved En.    Temperature Pressure (bar)   Constr. rmsd
   -1.40310e+06   -2.08461e+06    2.99259e+02    8.92532e+01    0.00000e+00

           Step           Time
          38500       77.00000

   Energies (kJ/mol)
           Bond          Angle            U-B    Proper Dih.  Improper Dih.
    8.85860e+03    1.81007e+03    1.86592e+04    1.94557e+04    1.06025e+03
 Per. Imp. Dih.      CMAP Dih.          LJ-14     Coulomb-14        LJ (SR)
    5.53639e+00   -5.04937e+02    5.48824e+03    9.30435e+04    1.66265e+05
   Coulomb (SR)   Coul. recip. Position Rest.      Potential    Kinetic En.
   -2.04204e+06    5.92617e+03    3.95076e+03   -1.71802e+06    3.18430e+05
   Total Energy  Conserved En.    Temperature Pressure (bar)   Constr. rmsd
   -1.39959e+06   -2.08453e+06    3.00901e+02    9.29014e-01    0.00000e+00

           Step           Time
          39000       78.00000

   Energies (kJ/mol)
           Bond          Angle            U-B    Proper Dih.  Improper Dih.
    8.90920e+03    1.83606e+03    1.80424e+04    1.94952e+04    1.01714e+03
 Per. Imp. Dih.      CMAP Dih.          LJ-14     Coulomb-14        LJ (SR)
    5.74620e+00   -5.08160e+02    5.44456e+03    9.22921e+04    1.68133e+05
   Coulomb (SR)   Coul. recip. Position Rest.      Potential    Kinetic En.
   -2.04299e+06    6.12772e+03    3.85544e+03   -1.71834e+06    3.15019e+05
   Total Energy  Conserved En.    Temperature Pressure (bar)   Constr. rmsd
   -1.40332e+06   -2.08446e+06    2.97677e+02   -6.55042e+01    0.00000e+00

           Step           Time
          39500       79.00000

   Energies (kJ/mol)
           Bond          Angle            U-B    Proper Dih.  Improper Dih.
    8.76637e+03    1.82076e+03    1.85971e+04    1.95345e+04    1.01607e+03
 Per. Imp. Dih.      CMAP Dih.          LJ-14     Coulomb-14        LJ (SR)
    4.56547e+00   -5.50859e+02    5.44388e+03    9.27597e+04    1.68438e+05
   Coulomb (SR)   Coul. recip. Position Rest.      Potential    Kinetic En.
   -2.04557e+06    6.11940e+03    3.96803e+03   -1.71965e+06    3.17495e+05
   Total Energy  Conserved En.    Temperature Pressure (bar)   Constr. rmsd
   -1.40216e+06   -2.08445e+06    3.00017e+02   -2.33232e+00    0.00000e+00

           Step           Time
          40000       80.00000

   Energies (kJ/mol)
           Bond          Angle            U-B    Proper Dih.  Improper Dih.
    8.96403e+03    1.84190e+03    1.82691e+04    1.94290e+04    1.07184e+03
 Per. Imp. Dih.      CMAP Dih.          LJ-14     Coulomb-14        LJ (SR)
    3.95588e+00   -6.43723e+02    5.55073e+03    9.29180e+04    1.68889e+05
   Coulomb (SR)   Coul. recip. Position Rest.      Potential    Kinetic En.
   -2.04194e+06    6.06005e+03    3.81794e+03   -1.71577e+06    3.16220e+05
   Total Energy  Conserved En.    Temperature Pressure (bar)   Constr. rmsd
   -1.39955e+06   -2.08448e+06    2.98813e+02    1.57115e+00    0.00000e+00

           Step           Time
          40500       81.00000

   Energies (kJ/mol)
           Bond          Angle            U-B    Proper Dih.  Improper Dih.
    9.01528e+03    1.82812e+03    1.83869e+04    1.95774e+04    1.02458e+03
 Per. Imp. Dih.      CMAP Dih.          LJ-14     Coulomb-14        LJ (SR)
    2.39659e+00   -5.57987e+02    5.36997e+03    9.22868e+04    1.69779e+05
   Coulomb (SR)   Coul. recip. Position Rest.      Potential    Kinetic En.
   -2.04778e+06    6.06909e+03    3.73057e+03   -1.72127e+06    3.15835e+05
   Total Energy  Conserved En.    Temperature Pressure (bar)   Constr. rmsd
   -1.40543e+06   -2.08446e+06    2.98449e+02    1.10210e+01    0.00000e+00

           Step           Time
          41000       82.00000

   Energies (kJ/mol)
           Bond          Angle            U-B    Proper Dih.  Improper Dih.
    8.84350e+03    1.79360e+03    1.87251e+04    1.95162e+04    1.03183e+03
 Per. Imp. Dih.      CMAP Dih.          LJ-14     Coulomb-14        LJ (SR)
    4.58369e+00   -5.66232e+02    5.47331e+03    9.23243e+04    1.67000e+05
   Coulomb (SR)   Coul. recip. Position Rest.      Potential    Kinetic En.
   -2.04223e+06    5.94514e+03    3.81139e+03   -1.71833e+06    3.18148e+05
   Total Energy  Conserved En.    Temperature Pressure (bar)   Constr. rmsd
   -1.40018e+06   -2.08438e+06    3.00634e+02   -9.12360e+01    0.00000e+00

           Step           Time
          41500       83.00000

   Energies (kJ/mol)
           Bond          Angle            U-B    Proper Dih.  Improper Dih.
    9.18536e+03    1.82244e+03    1.83187e+04    1.94794e+04    1.01524e+03
 Per. Imp. Dih.      CMAP Dih.          LJ-14     Coulomb-14        LJ (SR)
    3.77623e+00   -4.56966e+02    5.42919e+03    9.23923e+04    1.67857e+05
   Coulomb (SR)   Coul. recip. Position Rest.      Potential    Kinetic En.
   -2.04420e+06    6.03294e+03    3.89294e+03   -1.71923e+06    3.18162e+05
   Total Energy  Conserved En.    Temperature Pressure (bar)   Constr. rmsd
   -1.40107e+06   -2.08427e+06    3.00647e+02   -1.66737e+02    0.00000e+00

           Step           Time
          42000       84.00000

   Energies (kJ/mol)
           Bond          Angle            U-B    Proper Dih.  Improper Dih.
    8.80422e+03    1.79477e+03    1.85612e+04    1.93933e+04    9.66078e+02
 Per. Imp. Dih.      CMAP Dih.          LJ-14     Coulomb-14        LJ (SR)
    2.22378e+00   -6.00236e+02    5.48942e+03    9.25969e+04    1.68587e+05
   Coulomb (SR)   Coul. recip. Position Rest.      Potential    Kinetic En.
   -2.04444e+06    6.03022e+03    3.90541e+03   -1.71891e+06    3.16981e+05
   Total Energy  Conserved En.    Temperature Pressure (bar)   Constr. rmsd
   -1.40193e+06   -2.08439e+06    2.99531e+02   -4.58431e+01    0.00000e+00

           Step           Time
          42500       85.00000

   Energies (kJ/mol)
           Bond          Angle            U-B    Proper Dih.  Improper Dih.
    8.88247e+03    1.82750e+03    1.84824e+04    1.94091e+04    9.66608e+02
 Per. Imp. Dih.      CMAP Dih.          LJ-14     Coulomb-14        LJ (SR)
    5.52963e+00   -5.12865e+02    5.52808e+03    9.27146e+04    1.69389e+05
   Coulomb (SR)   Coul. recip. Position Rest.      Potential    Kinetic En.
   -2.04642e+06    6.21814e+03    3.93385e+03   -1.71958e+06    3.18093e+05
   Total Energy  Conserved En.    Temperature Pressure (bar)   Constr. rmsd
   -1.40149e+06   -2.08445e+06    3.00582e+02    3.08605e+01    0.00000e+00

           Step           Time
          43000       86.00000

   Energies (kJ/mol)
           Bond          Angle            U-B    Proper Dih.  Improper Dih.
    8.71419e+03    1.81889e+03    1.86867e+04    1.94812e+04    9.87797e+02
 Per. Imp. Dih.      CMAP Dih.          LJ-14     Coulomb-14        LJ (SR)
    4.59381e+00   -6.01655e+02    5.41869e+03    9.25779e+04    1.69948e+05
   Coulomb (SR)   Coul. recip. Position Rest.      Potential    Kinetic En.
   -2.04714e+06    6.03745e+03    3.90966e+03   -1.72016e+06    3.18107e+05
   Total Energy  Conserved En.    Temperature Pressure (bar)   Constr. rmsd
   -1.40205e+06   -2.08444e+06    3.00596e+02    5.49903e+01    0.00000e+00

           Step           Time
          43500       87.00000

   Energies (kJ/mol)
           Bond          Angle            U-B    Proper Dih.  Improper Dih.
    8.90168e+03    1.81102e+03    1.87303e+04    1.94800e+04    9.88247e+02
 Per. Imp. Dih.      CMAP Dih.          LJ-14     Coulomb-14        LJ (SR)
    5.02113e+00   -5.95045e+02    5.45125e+03    9.25505e+04    1.68359e+05
   Coulomb (SR)   Coul. recip. Position Rest.      Potential    Kinetic En.
   -2.04532e+06    6.11451e+03    3.85811e+03   -1.71967e+06    3.16882e+05
   Total Energy  Conserved En.    Temperature Pressure (bar)   Constr. rmsd
   -1.40279e+06   -2.08439e+06    2.99438e+02    2.12605e+01    0.00000e+00

           Step           Time
          44000       88.00000

   Energies (kJ/mol)
           Bond          Angle            U-B    Proper Dih.  Improper Dih.
    9.09941e+03    1.82898e+03    1.86980e+04    1.94687e+04    9.32204e+02
 Per. Imp. Dih.      CMAP Dih.          LJ-14     Coulomb-14        LJ (SR)
    6.06125e+00   -5.80107e+02    5.44655e+03    9.21633e+04    1.67237e+05
   Coulomb (SR)   Coul. recip. Position Rest.      Potential    Kinetic En.
   -2.04223e+06    6.03207e+03    4.10647e+03   -1.71780e+06    3.17691e+05
   Total Energy  Conserved En.    Temperature Pressure (bar)   Constr. rmsd
   -1.40010e+06   -2.08428e+06    3.00202e+02   -7.40077e+01    0.00000e+00

           Step           Time
          44500       89.00000

   Energies (kJ/mol)
           Bond          Angle            U-B    Proper Dih.  Improper Dih.
    8.97484e+03    1.83338e+03    1.86771e+04    1.94801e+04    9.21634e+02
 Per. Imp. Dih.      CMAP Dih.          LJ-14     Coulomb-14        LJ (SR)
    2.14183e+00   -5.32590e+02    5.53831e+03    9.24926e+04    1.68413e+05
   Coulomb (SR)   Coul. recip. Position Rest.      Potential    Kinetic En.
   -2.04388e+06    6.01468e+03    3.94589e+03   -1.71811e+06    3.19182e+05
   Total Energy  Conserved En.    Temperature Pressure (bar)   Constr. rmsd
   -1.39893e+06   -2.08438e+06    3.01611e+02    1.06417e+01    0.00000e+00

           Step           Time
          45000       90.00000

   Energies (kJ/mol)
           Bond          Angle            U-B    Proper Dih.  Improper Dih.
    9.05697e+03    1.82587e+03    1.78674e+04    1.95649e+04    9.67691e+02
 Per. Imp. Dih.      CMAP Dih.          LJ-14     Coulomb-14        LJ (SR)
    2.89142e+00   -5.48363e+02    5.54218e+03    9.29398e+04    1.68042e+05
   Coulomb (SR)   Coul. recip. Position Rest.      Potential    Kinetic En.
   -2.04458e+06    5.99173e+03    4.05209e+03   -1.71928e+06    3.17828e+05
   Total Energy  Conserved En.    Temperature Pressure (bar)   Constr. rmsd
   -1.40145e+06   -2.08444e+06    3.00332e+02    6.29768e+01    0.00000e+00

           Step           Time
          45500       91.00000

   Energies (kJ/mol)
           Bond          Angle            U-B    Proper Dih.  Improper Dih.
    8.81648e+03    1.80958e+03    1.87329e+04    1.95017e+04    9.78138e+02
 Per. Imp. Dih.      CMAP Dih.          LJ-14     Coulomb-14        LJ (SR)
    3.25458e+00   -5.06520e+02    5.45819e+03    9.23119e+04    1.69230e+05
   Coulomb (SR)   Coul. recip. Position Rest.      Potential    Kinetic En.
   -2.04615e+06    6.09912e+03    4.00157e+03   -1.71971e+06    3.19753e+05
   Total Energy  Conserved En.    Temperature Pressure (bar)   Constr. rmsd
   -1.39996e+06   -2.08445e+06    3.02151e+02    7.76818e+01    0.00000e+00

           Step           Time
          46000       92.00000

   Energies (kJ/mol)
           Bond          Angle            U-B    Proper Dih.  Improper Dih.
    8.81112e+03    1.82134e+03    1.87813e+04    1.94802e+04    9.89730e+02
 Per. Imp. Dih.      CMAP Dih.          LJ-14     Coulomb-14        LJ (SR)
    3.98604e+00   -5.19647e+02    5.35603e+03    9.27755e+04    1.69550e+05
   Coulomb (SR)   Coul. recip. Position Rest.      Potential    Kinetic En.
   -2.04580e+06    6.22544e+03    3.99296e+03   -1.71853e+06    3.16966e+05
   Total Energy  Conserved En.    Temperature Pressure (bar)   Constr. rmsd
   -1.40157e+06   -2.08426e+06    2.99517e+02   -5.62045e+01    0.00000e+00

           Step           Time
          46500       93.00000

   Energies (kJ/mol)
           Bond          Angle            U-B    Proper Dih.  Improper Dih.
    8.85438e+03    1.82640e+03    1.81742e+04    1.94171e+04    1.01749e+03
 Per. Imp. Dih.      CMAP Dih.          LJ-14     Coulomb-14        LJ (SR)
    4.36747e+00   -5.86423e+02    5.55180e+03    9.25062e+04    1.65886e+05
   Coulomb (SR)   Coul. recip. Position Rest.      Potential    Kinetic En.
   -2.04134e+06    5.94703e+03    3.98002e+03   -1.71876e+06    3.18196e+05
   Total Energy  Conserved En.    Temperature Pressure (bar)   Constr. rmsd
   -1.40057e+06   -2.08428e+06    3.00679e+02   -9.69145e+01    0.00000e+00

           Step           Time
          47000       94.00000

   Energies (kJ/mol)
           Bond          Angle            U-B    Proper Dih.  Improper Dih.
    8.97837e+03    1.82659e+03    1.86310e+04    1.95870e+04    1.05971e+03
 Per. Imp. Dih.      CMAP Dih.          LJ-14     Coulomb-14        LJ (SR)
    1.25711e+01   -5.20443e+02    5.56916e+03    9.25812e+04    1.68397e+05
   Coulomb (SR)   Coul. recip. Position Rest.      Potential    Kinetic En.
   -2.04319e+06    6.00582e+03    4.11642e+03   -1.71694e+06    3.18101e+05
   Total Energy  Conserved En.    Temperature Pressure (bar)   Constr. rmsd
   -1.39884e+06   -2.08435e+06    3.00589e+02    8.21051e+01    0.00000e+00

           Step           Time
          47500       95.00000

   Energies (kJ/mol)
           Bond          Angle            U-B    Proper Dih.  Improper Dih.
    8.91597e+03    1.84442e+03    1.83606e+04    1.95805e+04    1.04317e+03
 Per. Imp. Dih.      CMAP Dih.          LJ-14     Coulomb-14        LJ (SR)
    4.69426e+00   -5.85865e+02    5.46726e+03    9.25620e+04    1.67726e+05
   Coulomb (SR)   Coul. recip. Position Rest.      Potential    Kinetic En.
   -2.04470e+06    6.06908e+03    3.93949e+03   -1.71977e+06    3.18161e+05
   Total Energy  Conserved En.    Temperature Pressure (bar)   Constr. rmsd
   -1.40161e+06   -2.08431e+06    3.00646e+02   -3.14333e+00    0.00000e+00

           Step           Time
          48000       96.00000

   Energies (kJ/mol)
           Bond          Angle            U-B    Proper Dih.  Improper Dih.
    8.83004e+03    1.83589e+03    1.87234e+04    1.95173e+04    9.56464e+02
 Per. Imp. Dih.      CMAP Dih.          LJ-14     Coulomb-14        LJ (SR)
    6.23845e+00   -4.99987e+02    5.46421e+03    9.23257e+04    1.70123e+05
   Coulomb (SR)   Coul. recip. Position Rest.      Potential    Kinetic En.
   -2.04830e+06    6.11559e+03    3.92785e+03   -1.72098e+06    3.16395e+05
   Total Energy  Conserved En.    Temperature Pressure (bar)   Constr. rmsd
   -1.40458e+06   -2.08437e+06    2.98977e+02    1.13040e+02    0.00000e+00

           Step           Time
          48500       97.00000

   Energies (kJ/mol)
           Bond          Angle            U-B    Proper Dih.  Improper Dih.
    8.77344e+03    1.80580e+03    1.85469e+04    1.93966e+04    1.02065e+03
 Per. Imp. Dih.      CMAP Dih.          LJ-14     Coulomb-14        LJ (SR)
    5.46040e+00   -5.73251e+02    5.46894e+03    9.26742e+04    1.67409e+05
   Coulomb (SR)   Coul. recip. Position Rest.      Potential    Kinetic En.
   -2.04433e+06    6.06047e+03    3.85929e+03   -1.71989e+06    3.18777e+05
   Total Energy  Conserved En.    Temperature Pressure (bar)   Constr. rmsd
   -1.40111e+06   -2.08426e+06    3.01229e+02   -1.06865e+01    0.00000e+00

           Step           Time
          49000       98.00000

   Energies (kJ/mol)
           Bond          Angle            U-B    Proper Dih.  Improper Dih.
    8.93265e+03    1.81957e+03    1.85240e+04    1.95769e+04    9.90805e+02
 Per. Imp. Dih.      CMAP Dih.          LJ-14     Coulomb-14        LJ (SR)
    1.02064e+01   -5.97454e+02    5.31088e+03    9.22160e+04    1.68584e+05
   Coulomb (SR)   Coul. recip. Position Rest.      Potential    Kinetic En.
   -2.04445e+06    6.08992e+03    3.83518e+03   -1.71916e+06    3.15655e+05
   Total Energy  Conserved En.    Temperature Pressure (bar)   Constr. rmsd
   -1.40350e+06   -2.08421e+06    2.98278e+02    9.35221e-01    0.00000e+00

           Step           Time
          49500       99.00000

   Energies (kJ/mol)
           Bond          Angle            U-B    Proper Dih.  Improper Dih.
    8.85995e+03    1.83088e+03    1.85564e+04    1.94147e+04    1.12513e+03
 Per. Imp. Dih.      CMAP Dih.          LJ-14     Coulomb-14        LJ (SR)
    6.67123e+00   -5.21395e+02    5.54426e+03    9.26222e+04    1.70008e+05
   Coulomb (SR)   Coul. recip. Position Rest.      Potential    Kinetic En.
   -2.04596e+06    6.15385e+03    3.96986e+03   -1.71839e+06    3.17169e+05
   Total Energy  Conserved En.    Temperature Pressure (bar)   Constr. rmsd
   -1.40122e+06   -2.08436e+06    2.99709e+02    1.74852e+02    0.00000e+00

           Step           Time
          50000      100.00000

Writing checkpoint, step 50000 at Sun Apr 12 14:30:13 2026


   Energies (kJ/mol)
           Bond          Angle            U-B    Proper Dih.  Improper Dih.
    8.88631e+03    1.85010e+03    1.87494e+04    1.94550e+04    1.03075e+03
 Per. Imp. Dih.      CMAP Dih.          LJ-14     Coulomb-14        LJ (SR)
    2.84899e+00   -5.33674e+02    5.46976e+03    9.24489e+04    1.68022e+05
   Coulomb (SR)   Coul. recip. Position Rest.      Potential    Kinetic En.
   -2.04318e+06    6.16188e+03    3.94817e+03   -1.71769e+06    3.17635e+05
   Total Energy  Conserved En.    Temperature Pressure (bar)   Constr. rmsd
   -1.40006e+06   -2.08414e+06    3.00149e+02   -6.11353e+01    0.00000e+00


Energy conservation over simulation part #1 of length 100 ps, time 0 to 100 ps
  Conserved energy drift: -4.76e-03 kJ/mol/ps per atom


	<======  ###############  ==>
	<====  A V E R A G E S  ====>
	<==  ###############  ======>

	Statistics over 50001 steps using 501 frames

   Energies (kJ/mol)
           Bond          Angle            U-B    Proper Dih.  Improper Dih.
    8.86136e+03    1.84152e+03    1.84904e+04    1.95216e+04    1.01498e+03
 Per. Imp. Dih.      CMAP Dih.          LJ-14     Coulomb-14        LJ (SR)
    5.81238e+00   -5.44752e+02    5.47352e+03    9.25480e+04    1.69034e+05
   Coulomb (SR)   Coul. recip. Position Rest.      Potential    Kinetic En.
   -2.04631e+06    6.04877e+03    4.01844e+03   -1.72000e+06    3.16406e+05
   Total Energy  Conserved En.    Temperature Pressure (bar)   Constr. rmsd
   -1.40359e+06   -2.08475e+06    2.98988e+02   -1.44924e+01    0.00000e+00

          Box-X          Box-Y          Box-Z
    1.07264e+01    1.07264e+01    1.07264e+01

   Total Virial (kJ/mol)
    1.06163e+05   -1.38957e+03   -5.20325e+03
   -1.38957e+03    1.05965e+05    4.96450e+02
   -5.20324e+03    4.96439e+02    1.05945e+05

   Pressure (bar)
   -2.04935e+01    3.53415e+01    1.41447e+02
    3.53414e+01   -1.22199e+01   -1.31927e+01
    1.41447e+02   -1.31924e+01   -1.07639e+01

      T-Protein  T-non-Protein
    2.99353e+02    2.98960e+02


	M E G A - F L O P S   A C C O U N T I N G

 NB=Group-cutoff nonbonded kernels    NxN=N-by-N cluster Verlet kernels
 RF=Reaction-Field  VdW=Van der Waals  QSTab=quadratic-spline table
 W3=SPC/TIP3p  W4=TIP4p (single or pairs)
 V&F=Potential and force  V=Potential only  F=Force only

 Computing:                               M-Number         M-Flops  % Flops
-----------------------------------------------------------------------------
 Pair Search distance check            7671.266768       69041.401     0.0
 NxN Ewald Elec. + LJ [F]           8095206.018240   631426069.423    98.3
 NxN Ewald Elec. + LJ [V&F]           81931.923072    10569218.076     1.6
 1,4 nonbonded interactions             960.919218       86482.730     0.0
 Shift-X                                 62.801853         376.811     0.0
 Bonds                                  185.053701       10918.168     0.0
 Angles                                   1.850037         310.806     0.0
 Propers                                948.368967      217176.493     0.0
 Impropers                               59.451189       12365.847     0.0
 Pos. Restr.                            180.253605        9012.680     0.0
 Virial                                  62.824398        1130.839     0.0
 Stop-CM                                 62.801853         628.019     0.0
 P-Coupling                              62.801853         376.811     0.0
 Calc-Ekin                             1253.780706       33852.079     0.0
 CMAP                                    22.700454       38590.772     0.0
 Urey-Bradley                           665.013300      121697.434     0.0
-----------------------------------------------------------------------------
 Total                                               642597248.390   100.0
-----------------------------------------------------------------------------


      R E A L   C Y C L E   A N D   T I M E   A C C O U N T I N G

On 1 MPI rank, each using 15 OpenMP threads

 Activity:              Num   Num      Call    Wall time         Giga-Cycles
                        Ranks Threads  Count      (s)         total sum    %
--------------------------------------------------------------------------------
 Neighbor search           1   15        501       3.784        119.202  10.2
 Launch PP GPU ops.        1   15      99501       1.484         46.734   4.0
 Force                     1   15      50001      11.814        372.129  31.9
 PME GPU mesh              1   15      50001       1.194         37.621   3.2
 Wait GPU NB local         1   15      49500       0.001          0.039   0.0
 Wait GPU state copy       1   15      62003      13.182        415.210  35.6
 NB X/F buffer ops.        1   15        501       0.026          0.812   0.1
 Write traj.               1   15        101       0.672         21.154   1.8
 Rest                                              4.827        152.053  13.1
--------------------------------------------------------------------------------
 Total                                            36.983       1164.954 100.0
--------------------------------------------------------------------------------
 Breakdown of PME mesh activities
--------------------------------------------------------------------------------
 Wait PME GPU gather       1   15      50001       0.002          0.070   0.0
 Reduce GPU PME F          1   15      50001       0.008          0.254   0.0
 Launch PME GPU ops.       1   15     450009       1.157         36.448   3.1
--------------------------------------------------------------------------------

NOTE: 10 % of the run time was spent in pair search,
      you might want to increase nstlist (this has no effect on accuracy)

               Core t (s)   Wall t (s)        (%)
       Time:      554.633       36.983     1499.7
                 (ns/day)    (hour/ns)
Performance:      233.624        0.103
Finished mdrun on rank 0 Sun Apr 12 14:30:14 2026

